<?xml version="1.0" encoding="UTF-8"?>
<coverage generated="1516051464512" clover="3.2.0">
  <project timestamp="1516051464512" name="All files">
    <metrics statements="268" coveredstatements="33" conditionals="126" coveredconditionals="4" methods="129" coveredmethods="11" elements="523" coveredelements="48" complexity="0" loc="268" ncloc="268" packages="4" files="19" classes="19">
      <package name="src">
        <metrics statements="148" coveredstatements="33" conditionals="42" coveredconditionals="4" methods="47" coveredmethods="11"/>
        <file name="App.vue" path="/home/neubert/workspace-JS/elem-action/src/App.vue">
          <metrics statements="62" coveredstatements="0" conditionals="14" coveredconditionals="0" methods="21" coveredmethods="0"/>
          <line num="1" count="0" type="stmt"/>
          <line num="4" count="0" type="stmt"/>
          <line num="8" count="0" type="stmt"/>
          <line num="10" count="0" type="stmt"/>
          <line num="12" count="0" type="stmt"/>
          <line num="14" count="0" type="stmt"/>
          <line num="16" count="0" type="stmt"/>
          <line num="18" count="0" type="stmt"/>
          <line num="20" count="0" type="stmt"/>
          <line num="22" count="0" type="stmt"/>
          <line num="24" count="0" type="stmt"/>
          <line num="26" count="0" type="stmt"/>
          <line num="28" count="0" type="stmt"/>
          <line num="30" count="0" type="stmt"/>
          <line num="32" count="0" type="stmt"/>
          <line num="34" count="0" type="stmt"/>
          <line num="36" count="0" type="stmt"/>
          <line num="38" count="0" type="stmt"/>
          <line num="40" count="0" type="stmt"/>
          <line num="42" count="0" type="stmt"/>
          <line num="44" count="0" type="stmt"/>
          <line num="46" count="0" type="cond" truecount="0" falsecount="4"/>
          <line num="48" count="0" type="stmt"/>
          <line num="61" count="0" type="stmt"/>
          <line num="87" count="0" type="stmt"/>
          <line num="99" count="0" type="stmt"/>
          <line num="100" count="0" type="stmt"/>
          <line num="102" count="0" type="stmt"/>
          <line num="106" count="0" type="stmt"/>
          <line num="107" count="0" type="stmt"/>
          <line num="109" count="0" type="stmt"/>
          <line num="115" count="0" type="stmt"/>
          <line num="116" count="0" type="stmt"/>
          <line num="117" count="0" type="stmt"/>
          <line num="118" count="0" type="stmt"/>
          <line num="121" count="0" type="stmt"/>
          <line num="122" count="0" type="stmt"/>
          <line num="125" count="0" type="stmt"/>
          <line num="128" count="0" type="cond" truecount="0" falsecount="2"/>
          <line num="138" count="0" type="stmt"/>
          <line num="141" count="0" type="stmt"/>
          <line num="144" count="0" type="stmt"/>
          <line num="146" count="0" type="stmt"/>
          <line num="147" count="0" type="stmt"/>
          <line num="148" count="0" type="stmt"/>
          <line num="149" count="0" type="stmt"/>
          <line num="150" count="0" type="stmt"/>
          <line num="152" count="0" type="stmt"/>
          <line num="153" count="0" type="stmt"/>
          <line num="154" count="0" type="stmt"/>
          <line num="155" count="0" type="stmt"/>
          <line num="156" count="0" type="stmt"/>
          <line num="158" count="0" type="stmt"/>
          <line num="159" count="0" type="stmt"/>
          <line num="160" count="0" type="stmt"/>
          <line num="161" count="0" type="stmt"/>
          <line num="162" count="0" type="stmt"/>
          <line num="164" count="0" type="stmt"/>
          <line num="169" count="0" type="cond" truecount="0" falsecount="2"/>
          <line num="170" count="0" type="cond" truecount="0" falsecount="2"/>
          <line num="171" count="0" type="cond" truecount="0" falsecount="4"/>
          <line num="172" count="0" type="stmt"/>
        </file>
        <file name="countries.js" path="/home/neubert/workspace-JS/elem-action/src/countries.js">
          <metrics statements="19" coveredstatements="0" conditionals="12" coveredconditionals="0" methods="3" coveredmethods="0"/>
          <line num="1" count="0" type="cond" truecount="0" falsecount="4"/>
          <line num="249" count="0" type="stmt"/>
          <line num="252" count="0" type="stmt"/>
          <line num="253" count="0" type="cond" truecount="0" falsecount="4"/>
          <line num="255" count="0" type="stmt"/>
          <line num="256" count="0" type="stmt"/>
          <line num="257" count="0" type="stmt"/>
          <line num="260" count="0" type="cond" truecount="0" falsecount="2"/>
          <line num="261" count="0" type="stmt"/>
          <line num="263" count="0" type="stmt"/>
          <line num="265" count="0" type="cond" truecount="0" falsecount="2"/>
          <line num="267" count="0" type="stmt"/>
          <line num="268" count="0" type="stmt"/>
          <line num="272" count="0" type="stmt"/>
          <line num="273" count="0" type="stmt"/>
          <line num="277" count="0" type="stmt"/>
          <line num="278" count="0" type="stmt"/>
          <line num="279" count="0" type="stmt"/>
          <line num="283" count="0" type="stmt"/>
        </file>
        <file name="dac_Channels.js" path="/home/neubert/workspace-JS/elem-action/src/dac_Channels.js">
          <metrics statements="13" coveredstatements="13" conditionals="4" coveredconditionals="2" methods="3" coveredmethods="3"/>
          <line num="361" count="2" type="stmt"/>
          <line num="364" count="2" type="stmt"/>
          <line num="368" count="714" type="stmt"/>
          <line num="371" count="714" type="stmt"/>
          <line num="372" count="714" type="cond" truecount="1" falsecount="1"/>
          <line num="373" count="714" type="stmt"/>
          <line num="374" count="714" type="stmt"/>
          <line num="375" count="714" type="stmt"/>
          <line num="381" count="2" type="stmt"/>
          <line num="382" count="716" type="stmt"/>
          <line num="383" count="716" type="cond" truecount="1" falsecount="1"/>
          <line num="384" count="716" type="stmt"/>
          <line num="388" count="2" type="stmt"/>
        </file>
        <file name="example-data.js" path="/home/neubert/workspace-JS/elem-action/src/example-data.js">
          <metrics statements="2" coveredstatements="0" conditionals="0" coveredconditionals="0" methods="0" coveredmethods="0"/>
          <line num="1" count="0" type="stmt"/>
          <line num="13" count="0" type="stmt"/>
        </file>
        <file name="generate.js" path="/home/neubert/workspace-JS/elem-action/src/generate.js">
          <metrics statements="26" coveredstatements="0" conditionals="8" coveredconditionals="0" methods="7" coveredmethods="0"/>
          <line num="1" count="0" type="cond" truecount="0" falsecount="4"/>
          <line num="2" count="0" type="stmt"/>
          <line num="3" count="0" type="stmt"/>
          <line num="4" count="0" type="stmt"/>
          <line num="6" count="0" type="stmt"/>
          <line num="8" count="0" type="stmt"/>
          <line num="9" count="0" type="stmt"/>
          <line num="10" count="0" type="cond" truecount="0" falsecount="2"/>
          <line num="11" count="0" type="stmt"/>
          <line num="17" count="0" type="stmt"/>
          <line num="20" count="0" type="stmt"/>
          <line num="21" count="0" type="stmt"/>
          <line num="22" count="0" type="cond" truecount="0" falsecount="2"/>
          <line num="23" count="0" type="stmt"/>
          <line num="24" count="0" type="stmt"/>
          <line num="25" count="0" type="stmt"/>
          <line num="26" count="0" type="stmt"/>
          <line num="27" count="0" type="stmt"/>
          <line num="29" count="0" type="stmt"/>
          <line num="31" count="0" type="stmt"/>
          <line num="34" count="0" type="stmt"/>
          <line num="40" count="0" type="stmt"/>
          <line num="42" count="0" type="stmt"/>
          <line num="45" count="0" type="stmt"/>
          <line num="49" count="0" type="stmt"/>
          <line num="51" count="0" type="stmt"/>
        </file>
        <file name="markers.js" path="/home/neubert/workspace-JS/elem-action/src/markers.js">
          <metrics statements="1" coveredstatements="1" conditionals="0" coveredconditionals="0" methods="0" coveredmethods="0"/>
          <line num="11" count="2" type="stmt"/>
        </file>
        <file name="params.js" path="/home/neubert/workspace-JS/elem-action/src/params.js">
          <metrics statements="25" coveredstatements="19" conditionals="4" coveredconditionals="2" methods="13" coveredmethods="8"/>
          <line num="3" count="10" type="stmt"/>
          <line num="4" count="12" type="stmt"/>
          <line num="6" count="2" type="stmt"/>
          <line num="7" count="2" type="stmt"/>
          <line num="15" count="2" type="stmt"/>
          <line num="17" count="2" type="stmt"/>
          <line num="18" count="1" type="stmt"/>
          <line num="30" count="2" type="stmt"/>
          <line num="33" count="2" type="stmt"/>
          <line num="42" count="2" type="stmt"/>
          <line num="44" count="2" type="stmt"/>
          <line num="45" count="0" type="stmt"/>
          <line num="48" count="2" type="stmt"/>
          <line num="66" count="2" type="stmt"/>
          <line num="83" count="2" type="stmt"/>
          <line num="85" count="0" type="cond" truecount="0" falsecount="2"/>
          <line num="86" count="0" type="stmt"/>
          <line num="89" count="0" type="stmt"/>
          <line num="105" count="2" type="stmt"/>
          <line num="108" count="0" type="stmt"/>
          <line num="109" count="0" type="stmt"/>
          <line num="112" count="2" type="stmt"/>
          <line num="116" count="55" type="cond" truecount="2" falsecount="0"/>
          <line num="119" count="5" type="stmt"/>
          <line num="162" count="2" type="stmt"/>
        </file>
      </package>
      <package name="src.components">
        <metrics statements="105" coveredstatements="0" conditionals="78" coveredconditionals="0" methods="75" coveredmethods="0"/>
        <file name="ActionFinancing.vue" path="/home/neubert/workspace-JS/elem-action/src/components/ActionFinancing.vue">
          <metrics statements="12" coveredstatements="0" conditionals="10" coveredconditionals="0" methods="9" coveredmethods="0"/>
          <line num="1" count="0" type="stmt"/>
          <line num="4" count="0" type="stmt"/>
          <line num="8" count="0" type="stmt"/>
          <line num="10" count="0" type="stmt"/>
          <line num="12" count="0" type="stmt"/>
          <line num="14" count="0" type="cond" truecount="0" falsecount="4"/>
          <line num="44" count="0" type="stmt"/>
          <line num="48" count="0" type="stmt"/>
          <line num="55" count="0" type="cond" truecount="0" falsecount="2"/>
          <line num="56" count="0" type="cond" truecount="0" falsecount="2"/>
          <line num="57" count="0" type="cond" truecount="0" falsecount="2"/>
          <line num="58" count="0" type="stmt"/>
        </file>
        <file name="ActionGeo.vue" path="/home/neubert/workspace-JS/elem-action/src/components/ActionGeo.vue">
          <metrics statements="11" coveredstatements="0" conditionals="10" coveredconditionals="0" methods="7" coveredmethods="0"/>
          <line num="1" count="0" type="stmt"/>
          <line num="4" count="0" type="stmt"/>
          <line num="8" count="0" type="stmt"/>
          <line num="10" count="0" type="stmt"/>
          <line num="12" count="0" type="stmt"/>
          <line num="14" count="0" type="cond" truecount="0" falsecount="4"/>
          <line num="16" count="0" type="stmt"/>
          <line num="22" count="0" type="cond" truecount="0" falsecount="2"/>
          <line num="23" count="0" type="cond" truecount="0" falsecount="2"/>
          <line num="24" count="0" type="cond" truecount="0" falsecount="2"/>
          <line num="25" count="0" type="stmt"/>
        </file>
        <file name="ActionIdentity.vue" path="/home/neubert/workspace-JS/elem-action/src/components/ActionIdentity.vue">
          <metrics statements="21" coveredstatements="0" conditionals="10" coveredconditionals="0" methods="16" coveredmethods="0"/>
          <line num="1" count="0" type="stmt"/>
          <line num="4" count="0" type="stmt"/>
          <line num="8" count="0" type="stmt"/>
          <line num="10" count="0" type="stmt"/>
          <line num="12" count="0" type="cond" truecount="0" falsecount="4"/>
          <line num="16" count="0" type="stmt"/>
          <line num="20" count="0" type="stmt"/>
          <line num="53" count="0" type="stmt"/>
          <line num="59" count="0" type="stmt"/>
          <line num="60" count="0" type="stmt"/>
          <line num="61" count="0" type="stmt"/>
          <line num="66" count="0" type="stmt"/>
          <line num="67" count="0" type="stmt"/>
          <line num="68" count="0" type="stmt"/>
          <line num="73" count="0" type="stmt"/>
          <line num="74" count="0" type="stmt"/>
          <line num="75" count="0" type="stmt"/>
          <line num="146" count="0" type="cond" truecount="0" falsecount="2"/>
          <line num="147" count="0" type="cond" truecount="0" falsecount="2"/>
          <line num="148" count="0" type="cond" truecount="0" falsecount="2"/>
          <line num="149" count="0" type="stmt"/>
        </file>
        <file name="ActionMarkers.vue" path="/home/neubert/workspace-JS/elem-action/src/components/ActionMarkers.vue">
          <metrics statements="11" coveredstatements="0" conditionals="10" coveredconditionals="0" methods="5" coveredmethods="0"/>
          <line num="1" count="0" type="stmt"/>
          <line num="4" count="0" type="stmt"/>
          <line num="8" count="0" type="stmt"/>
          <line num="10" count="0" type="stmt"/>
          <line num="12" count="0" type="stmt"/>
          <line num="14" count="0" type="cond" truecount="0" falsecount="4"/>
          <line num="39" count="0" type="stmt"/>
          <line num="51" count="0" type="cond" truecount="0" falsecount="2"/>
          <line num="52" count="0" type="cond" truecount="0" falsecount="2"/>
          <line num="53" count="0" type="cond" truecount="0" falsecount="2"/>
          <line num="54" count="0" type="stmt"/>
        </file>
        <file name="ActionSDG.vue" path="/home/neubert/workspace-JS/elem-action/src/components/ActionSDG.vue">
          <metrics statements="12" coveredstatements="0" conditionals="10" coveredconditionals="0" methods="6" coveredmethods="0"/>
          <line num="1" count="0" type="stmt"/>
          <line num="4" count="0" type="stmt"/>
          <line num="8" count="0" type="stmt"/>
          <line num="10" count="0" type="stmt"/>
          <line num="12" count="0" type="stmt"/>
          <line num="14" count="0" type="cond" truecount="0" falsecount="4"/>
          <line num="43" count="0" type="stmt"/>
          <line num="47" count="0" type="stmt"/>
          <line num="53" count="0" type="cond" truecount="0" falsecount="2"/>
          <line num="54" count="0" type="cond" truecount="0" falsecount="2"/>
          <line num="55" count="0" type="cond" truecount="0" falsecount="2"/>
          <line num="56" count="0" type="stmt"/>
        </file>
        <file name="BaseActionComp.vue" path="/home/neubert/workspace-JS/elem-action/src/components/BaseActionComp.vue">
          <metrics statements="7" coveredstatements="0" conditionals="6" coveredconditionals="0" methods="2" coveredmethods="0"/>
          <line num="1" count="0" type="stmt"/>
          <line num="4" count="0" type="stmt"/>
          <line num="20" count="0" type="stmt"/>
          <line num="30" count="0" type="cond" truecount="0" falsecount="2"/>
          <line num="31" count="0" type="cond" truecount="0" falsecount="2"/>
          <line num="32" count="0" type="cond" truecount="0" falsecount="2"/>
          <line num="33" count="0" type="stmt"/>
        </file>
        <file name="EditPart.vue" path="/home/neubert/workspace-JS/elem-action/src/components/EditPart.vue">
          <metrics statements="12" coveredstatements="0" conditionals="6" coveredconditionals="0" methods="18" coveredmethods="0"/>
          <line num="1" count="0" type="stmt"/>
          <line num="4" count="0" type="stmt"/>
          <line num="8" count="0" type="stmt"/>
          <line num="10" count="0" type="stmt"/>
          <line num="23" count="0" type="stmt"/>
          <line num="40" count="0" type="stmt"/>
          <line num="41" count="0" type="stmt"/>
          <line num="45" count="0" type="stmt"/>
          <line num="112" count="0" type="cond" truecount="0" falsecount="2"/>
          <line num="113" count="0" type="cond" truecount="0" falsecount="2"/>
          <line num="114" count="0" type="cond" truecount="0" falsecount="2"/>
          <line num="115" count="0" type="stmt"/>
        </file>
        <file name="GenerateDocs.vue" path="/home/neubert/workspace-JS/elem-action/src/components/GenerateDocs.vue">
          <metrics statements="11" coveredstatements="0" conditionals="10" coveredconditionals="0" methods="4" coveredmethods="0"/>
          <line num="1" count="0" type="stmt"/>
          <line num="4" count="0" type="stmt"/>
          <line num="8" count="0" type="stmt"/>
          <line num="10" count="0" type="stmt"/>
          <line num="12" count="0" type="cond" truecount="0" falsecount="4"/>
          <line num="14" count="0" type="stmt"/>
          <line num="24" count="0" type="stmt"/>
          <line num="39" count="0" type="cond" truecount="0" falsecount="2"/>
          <line num="40" count="0" type="cond" truecount="0" falsecount="2"/>
          <line num="41" count="0" type="cond" truecount="0" falsecount="2"/>
          <line num="42" count="0" type="stmt"/>
        </file>
        <file name="PartTable.vue" path="/home/neubert/workspace-JS/elem-action/src/components/PartTable.vue">
          <metrics statements="8" coveredstatements="0" conditionals="6" coveredconditionals="0" methods="8" coveredmethods="0"/>
          <line num="1" count="0" type="stmt"/>
          <line num="4" count="0" type="stmt"/>
          <line num="47" count="0" type="stmt"/>
          <line num="56" count="0" type="stmt"/>
          <line num="62" count="0" type="cond" truecount="0" falsecount="2"/>
          <line num="63" count="0" type="cond" truecount="0" falsecount="2"/>
          <line num="64" count="0" type="cond" truecount="0" falsecount="2"/>
          <line num="65" count="0" type="stmt"/>
        </file>
      </package>
      <package name="src.mixins">
        <metrics statements="11" coveredstatements="0" conditionals="6" coveredconditionals="0" methods="4" coveredmethods="0"/>
        <file name="geoMixin.js" path="/home/neubert/workspace-JS/elem-action/src/mixins/geoMixin.js">
          <metrics statements="4" coveredstatements="0" conditionals="4" coveredconditionals="0" methods="2" coveredmethods="0"/>
          <line num="1" count="0" type="stmt"/>
          <line num="2" count="0" type="cond" truecount="0" falsecount="4"/>
          <line num="5" count="0" type="stmt"/>
          <line num="7" count="0" type="stmt"/>
        </file>
        <file name="markerMixin.js" path="/home/neubert/workspace-JS/elem-action/src/mixins/markerMixin.js">
          <metrics statements="7" coveredstatements="0" conditionals="2" coveredconditionals="0" methods="2" coveredmethods="0"/>
          <line num="1" count="0" type="stmt"/>
          <line num="5" count="0" type="stmt"/>
          <line num="7" count="0" type="stmt"/>
          <line num="14" count="0" type="stmt"/>
          <line num="15" count="0" type="cond" truecount="0" falsecount="2"/>
          <line num="16" count="0" type="stmt"/>
          <line num="19" count="0" type="stmt"/>
        </file>
      </package>
      <package name="src.utils">
        <metrics statements="4" coveredstatements="0" conditionals="0" coveredconditionals="0" methods="3" coveredmethods="0"/>
        <file name="manipulateElements.js" path="/home/neubert/workspace-JS/elem-action/src/utils/manipulateElements.js">
          <metrics statements="4" coveredstatements="0" conditionals="0" coveredconditionals="0" methods="3" coveredmethods="0"/>
          <line num="1" count="0" type="stmt"/>
          <line num="8" count="0" type="stmt"/>
          <line num="9" count="0" type="stmt"/>
          <line num="12" count="0" type="stmt"/>
        </file>
      </package>
    </metrics>
  </project>
</coverage>
