{"/home/neubert/workspace-JS/elem-action/src/App.vue": {"path":"/home/neubert/workspace-JS/elem-action/src/App.vue","statementMap":{"0":{"start":{"line":1,"column":1},"end":{"line":168,"column":4}},"1":{"start":{"line":4,"column":0},"end":{"line":6,"column":3}},"2":{"start":{"line":8,"column":14},"end":{"line":8,"column":60}},"3":{"start":{"line":10,"column":15},"end":{"line":10,"column":46}},"4":{"start":{"line":12,"column":14},"end":{"line":12,"column":36}},"5":{"start":{"line":14,"column":17},"end":{"line":14,"column":54}},"6":{"start":{"line":16,"column":18},"end":{"line":16,"column":52}},"7":{"start":{"line":18,"column":16},"end":{"line":18,"column":52}},"8":{"start":{"line":20,"column":17},"end":{"line":20,"column":50}},"9":{"start":{"line":22,"column":20},"end":{"line":22,"column":60}},"10":{"start":{"line":24,"column":21},"end":{"line":24,"column":58}},"11":{"start":{"line":26,"column":22},"end":{"line":26,"column":64}},"12":{"start":{"line":28,"column":23},"end":{"line":28,"column":62}},"13":{"start":{"line":30,"column":23},"end":{"line":30,"column":66}},"14":{"start":{"line":32,"column":24},"end":{"line":32,"column":64}},"15":{"start":{"line":34,"column":21},"end":{"line":34,"column":62}},"16":{"start":{"line":36,"column":22},"end":{"line":36,"column":60}},"17":{"start":{"line":38,"column":17},"end":{"line":38,"column":54}},"18":{"start":{"line":40,"column":18},"end":{"line":40,"column":52}},"19":{"start":{"line":42,"column":17},"end":{"line":42,"column":54}},"20":{"start":{"line":44,"column":18},"end":{"line":44,"column":52}},"21":{"start":{"line":46,"column":39},"end":{"line":46,"column":93}},"22":{"start":{"line":48,"column":0},"end":{"line":167,"column":2}},"23":{"start":{"line":61,"column":4},"end":{"line":83,"column":6}},"24":{"start":{"line":87,"column":6},"end":{"line":96,"column":8}},"25":{"start":{"line":99,"column":6},"end":{"line":103,"column":12}},"26":{"start":{"line":100,"column":8},"end":{"line":100,"column":27}},"27":{"start":{"line":102,"column":8},"end":{"line":102,"column":21}},"28":{"start":{"line":106,"column":6},"end":{"line":110,"column":12}},"29":{"start":{"line":107,"column":8},"end":{"line":107,"column":44}},"30":{"start":{"line":109,"column":8},"end":{"line":109,"column":21}},"31":{"start":{"line":115,"column":15},"end":{"line":115,"column":43}},"32":{"start":{"line":116,"column":6},"end":{"line":116,"column":81}},"33":{"start":{"line":117,"column":6},"end":{"line":117,"column":31}},"34":{"start":{"line":118,"column":6},"end":{"line":118,"column":22}},"35":{"start":{"line":121,"column":6},"end":{"line":121,"column":31}},"36":{"start":{"line":122,"column":6},"end":{"line":122,"column":22}},"37":{"start":{"line":125,"column":6},"end":{"line":125,"column":42}},"38":{"start":{"line":128,"column":6},"end":{"line":135,"column":8}},"39":{"start":{"line":128,"column":37},"end":{"line":128,"column":87}},"40":{"start":{"line":128,"column":92},"end":{"line":135,"column":8}},"41":{"start":{"line":138,"column":6},"end":{"line":138,"column":37}},"42":{"start":{"line":141,"column":6},"end":{"line":141,"column":36}},"43":{"start":{"line":144,"column":18},"end":{"line":144,"column":22}},"44":{"start":{"line":146,"column":16},"end":{"line":146,"column":76}},"45":{"start":{"line":147,"column":6},"end":{"line":151,"column":9}},"46":{"start":{"line":148,"column":8},"end":{"line":148,"column":128}},"47":{"start":{"line":149,"column":8},"end":{"line":149,"column":134}},"48":{"start":{"line":150,"column":8},"end":{"line":150,"column":65}},"49":{"start":{"line":152,"column":6},"end":{"line":157,"column":9}},"50":{"start":{"line":153,"column":8},"end":{"line":153,"column":32}},"51":{"start":{"line":154,"column":8},"end":{"line":154,"column":39}},"52":{"start":{"line":155,"column":8},"end":{"line":155,"column":40}},"53":{"start":{"line":156,"column":8},"end":{"line":156,"column":39}},"54":{"start":{"line":158,"column":6},"end":{"line":163,"column":9}},"55":{"start":{"line":159,"column":8},"end":{"line":159,"column":32}},"56":{"start":{"line":160,"column":8},"end":{"line":160,"column":39}},"57":{"start":{"line":161,"column":8},"end":{"line":161,"column":40}},"58":{"start":{"line":162,"column":8},"end":{"line":162,"column":39}},"59":{"start":{"line":164,"column":6},"end":{"line":164,"column":17}},"60":{"start":{"line":169,"column":0},"end":{"line":169,"column":70}},"61":{"start":{"line":169,"column":31},"end":{"line":169,"column":70}},"62":{"start":{"line":170,"column":24},"end":{"line":170,"column":100}},"63":{"start":{"line":171,"column":0},"end":{"line":171,"column":1510}},"64":{"start":{"line":171,"column":54},"end":{"line":171,"column":58}},"65":{"start":{"line":171,"column":66},"end":{"line":171,"column":84}},"66":{"start":{"line":171,"column":92},"end":{"line":171,"column":108}},"67":{"start":{"line":171,"column":109},"end":{"line":171,"column":1509}},"68":{"start":{"line":172,"column":0},"end":{"line":172,"column":37}}},"fnMap":{"0":{"name":"(anonymous_0)","decl":{"start":{"line":1,"column":2},"end":{"line":1,"column":3}},"loc":{"start":{"line":1,"column":12},"end":{"line":168,"column":1}},"line":1},"1":{"name":"_interopRequireDefault","decl":{"start":{"line":46,"column":9},"end":{"line":46,"column":31}},"loc":{"start":{"line":46,"column":37},"end":{"line":46,"column":95}},"line":46},"2":{"name":"data","decl":{"start":{"line":60,"column":17},"end":{"line":60,"column":21}},"loc":{"start":{"line":60,"column":24},"end":{"line":84,"column":3}},"line":60},"3":{"name":"generalData","decl":{"start":{"line":86,"column":26},"end":{"line":86,"column":37}},"loc":{"start":{"line":86,"column":40},"end":{"line":97,"column":5}},"line":86},"4":{"name":"totalEUContribution","decl":{"start":{"line":98,"column":34},"end":{"line":98,"column":53}},"loc":{"start":{"line":98,"column":56},"end":{"line":104,"column":5}},"line":98},"5":{"name":"(anonymous_5)","decl":{"start":{"line":99,"column":39},"end":{"line":99,"column":40}},"loc":{"start":{"line":99,"column":52},"end":{"line":101,"column":7}},"line":99},"6":{"name":"(anonymous_6)","decl":{"start":{"line":101,"column":16},"end":{"line":101,"column":17}},"loc":{"start":{"line":101,"column":32},"end":{"line":103,"column":7}},"line":101},"7":{"name":"totalEstimatedCost","decl":{"start":{"line":105,"column":33},"end":{"line":105,"column":51}},"loc":{"start":{"line":105,"column":54},"end":{"line":111,"column":5}},"line":105},"8":{"name":"(anonymous_8)","decl":{"start":{"line":106,"column":39},"end":{"line":106,"column":40}},"loc":{"start":{"line":106,"column":52},"end":{"line":108,"column":7}},"line":106},"9":{"name":"(anonymous_9)","decl":{"start":{"line":108,"column":16},"end":{"line":108,"column":17}},"loc":{"start":{"line":108,"column":32},"end":{"line":110,"column":7}},"line":108},"10":{"name":"addPart","decl":{"start":{"line":114,"column":22},"end":{"line":114,"column":29}},"loc":{"start":{"line":114,"column":32},"end":{"line":119,"column":5}},"line":114},"11":{"name":"editPart","decl":{"start":{"line":120,"column":23},"end":{"line":120,"column":31}},"loc":{"start":{"line":120,"column":36},"end":{"line":123,"column":5}},"line":120},"12":{"name":"removePart","decl":{"start":{"line":124,"column":25},"end":{"line":124,"column":35}},"loc":{"start":{"line":124,"column":40},"end":{"line":126,"column":5}},"line":124},"13":{"name":"getSelectedPart","decl":{"start":{"line":127,"column":30},"end":{"line":127,"column":45}},"loc":{"start":{"line":127,"column":48},"end":{"line":136,"column":5}},"line":127},"14":{"name":"hidePart","decl":{"start":{"line":137,"column":23},"end":{"line":137,"column":31}},"loc":{"start":{"line":137,"column":34},"end":{"line":139,"column":5}},"line":137},"15":{"name":"showPart","decl":{"start":{"line":140,"column":23},"end":{"line":140,"column":31}},"loc":{"start":{"line":140,"column":34},"end":{"line":142,"column":5}},"line":140},"16":{"name":"generateFullSnapshot","decl":{"start":{"line":143,"column":35},"end":{"line":143,"column":55}},"loc":{"start":{"line":143,"column":58},"end":{"line":165,"column":5}},"line":143},"17":{"name":"(anonymous_17)","decl":{"start":{"line":147,"column":24},"end":{"line":147,"column":25}},"loc":{"start":{"line":147,"column":37},"end":{"line":151,"column":7}},"line":147},"18":{"name":"(anonymous_18)","decl":{"start":{"line":152,"column":29},"end":{"line":152,"column":30}},"loc":{"start":{"line":152,"column":42},"end":{"line":157,"column":7}},"line":152},"19":{"name":"(anonymous_19)","decl":{"start":{"line":158,"column":33},"end":{"line":158,"column":34}},"loc":{"start":{"line":158,"column":46},"end":{"line":163,"column":7}},"line":158},"20":{"name":"render","decl":{"start":{"line":171,"column":35},"end":{"line":171,"column":41}},"loc":{"start":{"line":171,"column":45},"end":{"line":171,"column":1510}},"line":171}},"branchMap":{"0":{"loc":{"start":{"line":46,"column":46},"end":{"line":46,"column":92}},"type":"cond-expr","locations":[{"start":{"line":46,"column":70},"end":{"line":46,"column":73}},{"start":{"line":46,"column":76},"end":{"line":46,"column":92}}],"line":46},"1":{"loc":{"start":{"line":46,"column":46},"end":{"line":46,"column":67}},"type":"binary-expr","locations":[{"start":{"line":46,"column":46},"end":{"line":46,"column":49}},{"start":{"line":46,"column":53},"end":{"line":46,"column":67}}],"line":46},"2":{"loc":{"start":{"line":128,"column":6},"end":{"line":135,"column":8}},"type":"if","locations":[{"start":{"line":128,"column":6},"end":{"line":135,"column":8}},{"start":{"line":128,"column":6},"end":{"line":135,"column":8}}],"line":128},"3":{"loc":{"start":{"line":169,"column":0},"end":{"line":169,"column":70}},"type":"if","locations":[{"start":{"line":169,"column":0},"end":{"line":169,"column":70}},{"start":{"line":169,"column":0},"end":{"line":169,"column":70}}],"line":169},"4":{"loc":{"start":{"line":170,"column":24},"end":{"line":170,"column":100}},"type":"cond-expr","locations":[{"start":{"line":170,"column":62},"end":{"line":170,"column":84}},{"start":{"line":170,"column":86},"end":{"line":170,"column":100}}],"line":170},"5":{"loc":{"start":{"line":171,"column":92},"end":{"line":171,"column":108}},"type":"binary-expr","locations":[{"start":{"line":171,"column":92},"end":{"line":171,"column":104}},{"start":{"line":171,"column":106},"end":{"line":171,"column":108}}],"line":171},"6":{"loc":{"start":{"line":171,"column":947},"end":{"line":171,"column":1093}},"type":"cond-expr","locations":[{"start":{"line":171,"column":971},"end":{"line":171,"column":1084}},{"start":{"line":171,"column":1085},"end":{"line":171,"column":1093}}],"line":171}},"s":{"0":0,"1":0,"2":0,"3":0,"4":0,"5":0,"6":0,"7":0,"8":0,"9":0,"10":0,"11":0,"12":0,"13":0,"14":0,"15":0,"16":0,"17":0,"18":0,"19":0,"20":0,"21":0,"22":0,"23":0,"24":0,"25":0,"26":0,"27":0,"28":0,"29":0,"30":0,"31":0,"32":0,"33":0,"34":0,"35":0,"36":0,"37":0,"38":0,"39":0,"40":0,"41":0,"42":0,"43":0,"44":0,"45":0,"46":0,"47":0,"48":0,"49":0,"50":0,"51":0,"52":0,"53":0,"54":0,"55":0,"56":0,"57":0,"58":0,"59":0,"60":0,"61":0,"62":0,"63":0,"64":0,"65":0,"66":0,"67":0,"68":0},"f":{"0":0,"1":0,"2":0,"3":0,"4":0,"5":0,"6":0,"7":0,"8":0,"9":0,"10":0,"11":0,"12":0,"13":0,"14":0,"15":0,"16":0,"17":0,"18":0,"19":0,"20":0},"b":{"0":[0,0],"1":[0,0],"2":[0,0],"3":[0,0],"4":[0,0],"5":[0,0],"6":[0,0]}}
,"/home/neubert/workspace-JS/elem-action/src/countries.js": {"path":"/home/neubert/workspace-JS/elem-action/src/countries.js","statementMap":{"0":{"start":{"line":1,"column":13},"end":{"line":1,"column":75}},"1":{"start":{"line":1,"column":87},"end":{"line":1,"column":130}},"2":{"start":{"line":1,"column":144},"end":{"line":1,"column":173}},"3":{"start":{"line":1,"column":185},"end":{"line":1,"column":221}},"4":{"start":{"line":1,"column":234},"end":{"line":1,"column":262}},"5":{"start":{"line":1,"column":301},"end":{"line":1,"column":355}},"6":{"start":{"line":1,"column":372},"end":{"line":247,"column":212}},"7":{"start":{"line":249,"column":14},"end":{"line":249,"column":33}},"8":{"start":{"line":252,"column":0},"end":{"line":282,"column":3}},"9":{"start":{"line":253,"column":2},"end":{"line":281,"column":3}},"10":{"start":{"line":255,"column":14},"end":{"line":255,"column":92}},"11":{"start":{"line":256,"column":17},"end":{"line":256,"column":106}},"12":{"start":{"line":257,"column":15},"end":{"line":260,"column":5}},"13":{"start":{"line":260,"column":6},"end":{"line":280,"column":5}},"14":{"start":{"line":261,"column":6},"end":{"line":261,"column":34}},"15":{"start":{"line":263,"column":17},"end":{"line":263,"column":108}},"16":{"start":{"line":263,"column":50},"end":{"line":263,"column":106}},"17":{"start":{"line":265,"column":6},"end":{"line":274,"column":7}},"18":{"start":{"line":267,"column":8},"end":{"line":267,"column":22}},"19":{"start":{"line":268,"column":8},"end":{"line":268,"column":35}},"20":{"start":{"line":272,"column":8},"end":{"line":272,"column":35}},"21":{"start":{"line":273,"column":8},"end":{"line":273,"column":34}},"22":{"start":{"line":277,"column":6},"end":{"line":277,"column":33}},"23":{"start":{"line":278,"column":6},"end":{"line":278,"column":32}},"24":{"start":{"line":279,"column":6},"end":{"line":279,"column":33}},"25":{"start":{"line":283,"column":14},"end":{"line":283,"column":51}},"26":{"start":{"line":283,"column":52},"end":{"line":284,"column":8}}},"fnMap":{"0":{"name":"_interopRequireDefault","decl":{"start":{"line":1,"column":272},"end":{"line":1,"column":294}},"loc":{"start":{"line":1,"column":300},"end":{"line":1,"column":356}},"line":1},"1":{"name":"(anonymous_1)","decl":{"start":{"line":252,"column":18},"end":{"line":252,"column":19}},"loc":{"start":{"line":252,"column":37},"end":{"line":282,"column":1}},"line":252},"2":{"name":"(anonymous_2)","decl":{"start":{"line":263,"column":35},"end":{"line":263,"column":36}},"loc":{"start":{"line":263,"column":49},"end":{"line":263,"column":107}},"line":263}},"branchMap":{"0":{"loc":{"start":{"line":1,"column":308},"end":{"line":1,"column":354}},"type":"cond-expr","locations":[{"start":{"line":1,"column":332},"end":{"line":1,"column":335}},{"start":{"line":1,"column":338},"end":{"line":1,"column":354}}],"line":1},"1":{"loc":{"start":{"line":1,"column":308},"end":{"line":1,"column":329}},"type":"binary-expr","locations":[{"start":{"line":1,"column":308},"end":{"line":1,"column":311}},{"start":{"line":1,"column":315},"end":{"line":1,"column":329}}],"line":1},"2":{"loc":{"start":{"line":253,"column":2},"end":{"line":281,"column":3}},"type":"if","locations":[{"start":{"line":253,"column":2},"end":{"line":281,"column":3}},{"start":{"line":253,"column":2},"end":{"line":281,"column":3}}],"line":253},"3":{"loc":{"start":{"line":253,"column":6},"end":{"line":253,"column":74}},"type":"binary-expr","locations":[{"start":{"line":253,"column":6},"end":{"line":253,"column":36}},{"start":{"line":253,"column":40},"end":{"line":253,"column":74}}],"line":253},"4":{"loc":{"start":{"line":260,"column":6},"end":{"line":280,"column":5}},"type":"if","locations":[{"start":{"line":260,"column":6},"end":{"line":280,"column":5}},{"start":{"line":260,"column":6},"end":{"line":280,"column":5}}],"line":260},"5":{"loc":{"start":{"line":265,"column":6},"end":{"line":274,"column":7}},"type":"if","locations":[{"start":{"line":265,"column":6},"end":{"line":274,"column":7}},{"start":{"line":265,"column":6},"end":{"line":274,"column":7}}],"line":265}},"s":{"0":0,"1":0,"2":0,"3":0,"4":0,"5":0,"6":0,"7":0,"8":0,"9":0,"10":0,"11":0,"12":0,"13":0,"14":0,"15":0,"16":0,"17":0,"18":0,"19":0,"20":0,"21":0,"22":0,"23":0,"24":0,"25":0,"26":0},"f":{"0":0,"1":0,"2":0},"b":{"0":[0,0],"1":[0,0],"2":[0,0],"3":[0,0],"4":[0,0],"5":[0,0]}}
,"/home/neubert/workspace-JS/elem-action/src/dac_Channels.js": {"path":"/home/neubert/workspace-JS/elem-action/src/dac_Channels.js","statementMap":{"0":{"start":{"line":361,"column":5},"end":{"line":361,"column":15}},"1":{"start":{"line":364,"column":4},"end":{"line":364,"column":13}},"2":{"start":{"line":368,"column":2},"end":{"line":368,"column":1}},"3":{"start":{"line":371,"column":4},"end":{"line":367,"column":31}},"4":{"start":{"line":372,"column":4},"end":{"line":null,"column":-1}},"5":{"start":{"line":373,"column":7},"end":{"line":372,"column":33}},"6":{"start":{"line":374,"column":7},"end":{"line":372,"column":33}},"7":{"start":{"line":375,"column":7},"end":{"line":null,"column":-1}},"8":{"start":{"line":381,"column":9},"end":{"line":381,"column":0}},"9":{"start":{"line":382,"column":2},"end":{"line":382,"column":1}},"10":{"start":{"line":383,"column":2},"end":{"line":383,"column":1}},"11":{"start":{"line":384,"column":3},"end":{"line":384,"column":26}},"12":{"start":{"line":384,"column":26},"end":{"line":384,"column":31}},"13":{"start":{"line":388,"column":0},"end":{"line":null,"column":-1}}},"fnMap":{"0":{"name":"(anonymous_0)","decl":{"start":{"line":367,"column":22},"end":{"line":367,"column":22}},"loc":{"start":{"line":367,"column":23},"end":{"line":367,"column":0}}},"1":{"name":"(anonymous_1)","decl":{"start":{"line":381,"column":9},"end":{"line":381,"column":3}},"loc":{"start":{"line":381,"column":18},"end":{"line":381,"column":0}}},"2":{"name":"(anonymous_2)","decl":{"start":{"line":384,"column":26},"end":{"line":384,"column":31}},"loc":{"start":{"line":384,"column":26},"end":{"line":384,"column":31}}}},"branchMap":{"0":{"loc":{"start":{"line":372,"column":4},"end":{"line":null,"column":-1}},"type":"if","locations":[{"start":{"line":372,"column":4},"end":{"line":null,"column":-1}},{"start":{"line":372,"column":4},"end":{"line":null,"column":-1}}]},"1":{"loc":{"start":{"line":383,"column":2},"end":{"line":383,"column":1}},"type":"if","locations":[{"start":{"line":383,"column":2},"end":{"line":383,"column":1}},{"start":{"line":383,"column":2},"end":{"line":383,"column":1}}]}},"s":{"0":2,"1":2,"2":714,"3":714,"4":714,"5":714,"6":714,"7":714,"8":2,"9":716,"10":716,"11":716,"12":714,"13":2},"f":{"0":714,"1":716,"2":714},"b":{"0":[714,0],"1":[716,0]}}
,"/home/neubert/workspace-JS/elem-action/src/example-data.js": {"path":"/home/neubert/workspace-JS/elem-action/src/example-data.js","statementMap":{"0":{"start":{"line":1,"column":13},"end":{"line":1,"column":75}},"1":{"start":{"line":1,"column":89},"end":{"line":13,"column":13}},"2":{"start":{"line":13,"column":14},"end":{"line":17,"column":18}}},"fnMap":{},"branchMap":{},"s":{"0":0,"1":0,"2":0},"f":{},"b":{}}
,"/home/neubert/workspace-JS/elem-action/src/generate.js": {"path":"/home/neubert/workspace-JS/elem-action/src/generate.js","statementMap":{"0":{"start":{"line":1,"column":13},"end":{"line":1,"column":75}},"1":{"start":{"line":1,"column":92},"end":{"line":1,"column":139}},"2":{"start":{"line":1,"column":158},"end":{"line":1,"column":192}},"3":{"start":{"line":1,"column":231},"end":{"line":1,"column":285}},"4":{"start":{"line":1,"column":298},"end":{"line":1,"column":314}},"5":{"start":{"line":2,"column":20},"end":{"line":2,"column":44}},"6":{"start":{"line":3,"column":17},"end":{"line":3,"column":39}},"7":{"start":{"line":4,"column":16},"end":{"line":4,"column":37}},"8":{"start":{"line":6,"column":18},"end":{"line":6,"column":48}},"9":{"start":{"line":8,"column":20},"end":{"line":14,"column":1}},"10":{"start":{"line":9,"column":2},"end":{"line":12,"column":8}},"11":{"start":{"line":10,"column":37},"end":{"line":10,"column":46}},"12":{"start":{"line":11,"column":6},"end":{"line":11,"column":60}},"13":{"start":{"line":17,"column":2},"end":{"line":17,"column":45}},"14":{"start":{"line":20,"column":19},"end":{"line":51,"column":1}},"15":{"start":{"line":21,"column":2},"end":{"line":50,"column":5}},"16":{"start":{"line":22,"column":4},"end":{"line":22,"column":29}},"17":{"start":{"line":22,"column":16},"end":{"line":22,"column":28}},"18":{"start":{"line":23,"column":14},"end":{"line":23,"column":32}},"19":{"start":{"line":24,"column":14},"end":{"line":24,"column":84}},"20":{"start":{"line":25,"column":4},"end":{"line":25,"column":33}},"21":{"start":{"line":26,"column":4},"end":{"line":26,"column":22}},"22":{"start":{"line":27,"column":4},"end":{"line":27,"column":22}},"23":{"start":{"line":29,"column":4},"end":{"line":43,"column":5}},"24":{"start":{"line":31,"column":6},"end":{"line":31,"column":19}},"25":{"start":{"line":34,"column":14},"end":{"line":38,"column":38}},"26":{"start":{"line":40,"column":6},"end":{"line":40,"column":58}},"27":{"start":{"line":42,"column":6},"end":{"line":42,"column":18}},"28":{"start":{"line":45,"column":14},"end":{"line":47,"column":92}},"29":{"start":{"line":49,"column":4},"end":{"line":49,"column":50}},"30":{"start":{"line":51,"column":2},"end":{"line":53,"column":13}}},"fnMap":{"0":{"name":"_interopRequireDefault","decl":{"start":{"line":1,"column":202},"end":{"line":1,"column":224}},"loc":{"start":{"line":1,"column":230},"end":{"line":1,"column":286}},"line":1},"1":{"name":"angularParser","decl":{"start":{"line":8,"column":29},"end":{"line":8,"column":42}},"loc":{"start":{"line":8,"column":48},"end":{"line":14,"column":1}},"line":8},"2":{"name":"(anonymous_2)","decl":{"start":{"line":10,"column":23},"end":{"line":10,"column":24}},"loc":{"start":{"line":10,"column":36},"end":{"line":10,"column":47}},"line":10},"3":{"name":"(anonymous_3)","decl":{"start":{"line":10,"column":50},"end":{"line":10,"column":51}},"loc":{"start":{"line":10,"column":63},"end":{"line":12,"column":5}},"line":10},"4":{"name":"loadFile","decl":{"start":{"line":16,"column":9},"end":{"line":16,"column":17}},"loc":{"start":{"line":16,"column":33},"end":{"line":18,"column":1}},"line":16},"5":{"name":"generateDocx","decl":{"start":{"line":20,"column":28},"end":{"line":20,"column":40}},"loc":{"start":{"line":20,"column":65},"end":{"line":51,"column":1}},"line":20},"6":{"name":"(anonymous_6)","decl":{"start":{"line":21,"column":29},"end":{"line":21,"column":30}},"loc":{"start":{"line":21,"column":55},"end":{"line":50,"column":3}},"line":21}},"branchMap":{"0":{"loc":{"start":{"line":1,"column":238},"end":{"line":1,"column":284}},"type":"cond-expr","locations":[{"start":{"line":1,"column":262},"end":{"line":1,"column":265}},{"start":{"line":1,"column":268},"end":{"line":1,"column":284}}],"line":1},"1":{"loc":{"start":{"line":1,"column":238},"end":{"line":1,"column":259}},"type":"binary-expr","locations":[{"start":{"line":1,"column":238},"end":{"line":1,"column":241}},{"start":{"line":1,"column":245},"end":{"line":1,"column":259}}],"line":1},"2":{"loc":{"start":{"line":10,"column":9},"end":{"line":12,"column":5}},"type":"cond-expr","locations":[{"start":{"line":10,"column":23},"end":{"line":10,"column":47}},{"start":{"line":10,"column":50},"end":{"line":12,"column":5}}],"line":10},"3":{"loc":{"start":{"line":22,"column":4},"end":{"line":22,"column":29}},"type":"if","locations":[{"start":{"line":22,"column":4},"end":{"line":22,"column":29}},{"start":{"line":22,"column":4},"end":{"line":22,"column":29}}],"line":22}},"s":{"0":0,"1":0,"2":0,"3":0,"4":0,"5":0,"6":0,"7":0,"8":0,"9":0,"10":0,"11":0,"12":0,"13":0,"14":0,"15":0,"16":0,"17":0,"18":0,"19":0,"20":0,"21":0,"22":0,"23":0,"24":0,"25":0,"26":0,"27":0,"28":0,"29":0,"30":0},"f":{"0":0,"1":0,"2":0,"3":0,"4":0,"5":0,"6":0},"b":{"0":[0,0],"1":[0,0],"2":[0,0],"3":[0,0]}}
,"/home/neubert/workspace-JS/elem-action/src/markers.js": {"path":"/home/neubert/workspace-JS/elem-action/src/markers.js","statementMap":{"0":{"start":{"line":11,"column":0},"end":{"line":11,"column":13}}},"fnMap":{},"branchMap":{},"s":{"0":2},"f":{},"b":{}}
,"/home/neubert/workspace-JS/elem-action/src/params.js": {"path":"/home/neubert/workspace-JS/elem-action/src/params.js","statementMap":{"0":{"start":{"line":3,"column":0},"end":{"line":3,"column":10}},"1":{"start":{"line":4,"column":0},"end":{"line":4,"column":14}},"2":{"start":{"line":6,"column":9},"end":{"line":6,"column":0}},"3":{"start":{"line":7,"column":1},"end":{"line":7,"column":24}},"4":{"start":{"line":7,"column":19},"end":{"line":7,"column":24}},"5":{"start":{"line":15,"column":0},"end":{"line":15,"column":-1}},"6":{"start":{"line":17,"column":22},"end":{"line":17,"column":0}},"7":{"start":{"line":18,"column":2},"end":{"line":18,"column":36}},"8":{"start":{"line":18,"column":31},"end":{"line":18,"column":36}},"9":{"start":{"line":30,"column":0},"end":{"line":30,"column":-1}},"10":{"start":{"line":33,"column":0},"end":{"line":32,"column":0}},"11":{"start":{"line":42,"column":0},"end":{"line":42,"column":-1}},"12":{"start":{"line":44,"column":25},"end":{"line":44,"column":1}},"13":{"start":{"line":45,"column":3},"end":{"line":45,"column":43}},"14":{"start":{"line":45,"column":34},"end":{"line":45,"column":43}},"15":{"start":{"line":48,"column":5},"end":{"line":48,"column":4}},"16":{"start":{"line":66,"column":1},"end":{"line":null,"column":-1}},"17":{"start":{"line":83,"column":1},"end":{"line":null,"column":-1}},"18":{"start":{"line":85,"column":5},"end":{"line":90,"column":5}},"19":{"start":{"line":86,"column":8},"end":{"line":86,"column":15}},"20":{"start":{"line":86,"column":15},"end":{"line":86,"column":14}},"21":{"start":{"line":89,"column":7},"end":{"line":89,"column":36}},"22":{"start":{"line":89,"column":31},"end":{"line":89,"column":36}},"23":{"start":{"line":105,"column":0},"end":{"line":105,"column":-1}},"24":{"start":{"line":108,"column":10},"end":{"line":108,"column":15}},"25":{"start":{"line":109,"column":6},"end":{"line":109,"column":5}},"26":{"start":{"line":112,"column":0},"end":{"line":112,"column":-1}},"27":{"start":{"line":116,"column":28},"end":{"line":116,"column":31}},"28":{"start":{"line":119,"column":6},"end":{"line":null,"column":-1}},"29":{"start":{"line":162,"column":0},"end":{"line":162,"column":-1}}},"fnMap":{"0":{"name":"(anonymous_0)","decl":{"start":{"line":3,"column":0},"end":{"line":3,"column":10}},"loc":{"start":{"line":3,"column":0},"end":{"line":3,"column":10}}},"1":{"name":"(anonymous_1)","decl":{"start":{"line":4,"column":0},"end":{"line":4,"column":14}},"loc":{"start":{"line":4,"column":0},"end":{"line":4,"column":14}}},"2":{"name":"(anonymous_2)","decl":{"start":{"line":6,"column":9},"end":{"line":6,"column":3}},"loc":{"start":{"line":6,"column":19},"end":{"line":6,"column":0}}},"3":{"name":"(anonymous_3)","decl":{"start":{"line":7,"column":19},"end":{"line":7,"column":23}},"loc":{"start":{"line":7,"column":19},"end":{"line":7,"column":24}}},"4":{"name":"(anonymous_4)","decl":{"start":{"line":17,"column":22},"end":{"line":17,"column":3}},"loc":{"start":{"line":17,"column":4},"end":{"line":17,"column":0}}},"5":{"name":"(anonymous_5)","decl":{"start":{"line":18,"column":31},"end":{"line":18,"column":35}},"loc":{"start":{"line":18,"column":31},"end":{"line":18,"column":36}}},"6":{"name":"(anonymous_6)","decl":{"start":{"line":44,"column":25},"end":{"line":44,"column":4}},"loc":{"start":{"line":44,"column":5},"end":{"line":44,"column":1}}},"7":{"name":"(anonymous_7)","decl":{"start":{"line":45,"column":34},"end":{"line":45,"column":42}},"loc":{"start":{"line":45,"column":34},"end":{"line":45,"column":43}}},"8":{"name":"(anonymous_8)","decl":{"start":{"line":83,"column":26},"end":{"line":83,"column":34}},"loc":{"start":{"line":83,"column":26},"end":{"line":83,"column":1}}},"9":{"name":"(anonymous_9)","decl":{"start":{"line":86,"column":15},"end":{"line":86,"column":25}},"loc":{"start":{"line":86,"column":15},"end":{"line":86,"column":14}}},"10":{"name":"(anonymous_10)","decl":{"start":{"line":89,"column":31},"end":{"line":89,"column":35}},"loc":{"start":{"line":89,"column":31},"end":{"line":89,"column":36}}},"11":{"name":"(anonymous_12)","decl":{"start":{"line":112,"column":37},"end":{"line":112,"column":46}},"loc":{"start":{"line":112,"column":64},"end":{"line":112,"column":0}}},"12":{"name":"(anonymous_13)","decl":{"start":{"line":115,"column":10},"end":{"line":115,"column":15}},"loc":{"start":{"line":115,"column":16},"end":{"line":112,"column":64}}}},"branchMap":{"0":{"loc":{"start":{"line":85,"column":5},"end":{"line":90,"column":5}},"type":"if","locations":[{"start":{"line":85,"column":5},"end":{"line":90,"column":5}},{"start":{"line":85,"column":5},"end":{"line":90,"column":5}}]},"1":{"loc":{"start":{"line":116,"column":28},"end":{"line":116,"column":30}},"type":"binary-expr","locations":[{"start":{"line":116,"column":28},"end":{"line":116,"column":30}},{"start":{"line":116,"column":28},"end":{"line":116,"column":31}}]}},"s":{"0":10,"1":12,"2":2,"3":2,"4":2,"5":2,"6":2,"7":1,"8":1,"9":2,"10":2,"11":2,"12":2,"13":0,"14":0,"15":2,"16":2,"17":2,"18":0,"19":0,"20":0,"21":0,"22":0,"23":2,"24":0,"25":0,"26":2,"27":55,"28":5,"29":2},"f":{"0":8,"1":10,"2":2,"3":2,"4":1,"5":1,"6":0,"7":0,"8":0,"9":0,"10":0,"11":5,"12":55},"b":{"0":[0,0],"1":[55,28]}}
,"/home/neubert/workspace-JS/elem-action/src/components/ActionFinancing.vue": {"path":"/home/neubert/workspace-JS/elem-action/src/components/ActionFinancing.vue","statementMap":{"0":{"start":{"line":1,"column":1},"end":{"line":54,"column":4}},"1":{"start":{"line":4,"column":0},"end":{"line":6,"column":3}},"2":{"start":{"line":8,"column":14},"end":{"line":8,"column":37}},"3":{"start":{"line":10,"column":22},"end":{"line":10,"column":53}},"4":{"start":{"line":12,"column":23},"end":{"line":12,"column":62}},"5":{"start":{"line":14,"column":39},"end":{"line":14,"column":93}},"6":{"start":{"line":44,"column":0},"end":{"line":53,"column":2}},"7":{"start":{"line":48,"column":4},"end":{"line":51,"column":6}},"8":{"start":{"line":55,"column":0},"end":{"line":55,"column":70}},"9":{"start":{"line":55,"column":31},"end":{"line":55,"column":70}},"10":{"start":{"line":56,"column":24},"end":{"line":56,"column":100}},"11":{"start":{"line":57,"column":0},"end":{"line":57,"column":1404}},"12":{"start":{"line":57,"column":54},"end":{"line":57,"column":58}},"13":{"start":{"line":57,"column":66},"end":{"line":57,"column":84}},"14":{"start":{"line":57,"column":92},"end":{"line":57,"column":108}},"15":{"start":{"line":57,"column":109},"end":{"line":57,"column":1403}},"16":{"start":{"line":57,"column":503},"end":{"line":57,"column":555}},"17":{"start":{"line":57,"column":649},"end":{"line":57,"column":726}},"18":{"start":{"line":57,"column":855},"end":{"line":57,"column":1086}},"19":{"start":{"line":57,"column":979},"end":{"line":57,"column":1020}},"20":{"start":{"line":57,"column":1285},"end":{"line":57,"column":1340}},"21":{"start":{"line":58,"column":0},"end":{"line":58,"column":37}}},"fnMap":{"0":{"name":"(anonymous_0)","decl":{"start":{"line":1,"column":2},"end":{"line":1,"column":3}},"loc":{"start":{"line":1,"column":12},"end":{"line":54,"column":1}},"line":1},"1":{"name":"_interopRequireDefault","decl":{"start":{"line":14,"column":9},"end":{"line":14,"column":31}},"loc":{"start":{"line":14,"column":37},"end":{"line":14,"column":95}},"line":14},"2":{"name":"data","decl":{"start":{"line":47,"column":17},"end":{"line":47,"column":21}},"loc":{"start":{"line":47,"column":24},"end":{"line":52,"column":3}},"line":47},"3":{"name":"render","decl":{"start":{"line":57,"column":35},"end":{"line":57,"column":41}},"loc":{"start":{"line":57,"column":45},"end":{"line":57,"column":1404}},"line":57},"4":{"name":"(anonymous_4)","decl":{"start":{"line":57,"column":487},"end":{"line":57,"column":488}},"loc":{"start":{"line":57,"column":502},"end":{"line":57,"column":556}},"line":57},"5":{"name":"(anonymous_5)","decl":{"start":{"line":57,"column":634},"end":{"line":57,"column":635}},"loc":{"start":{"line":57,"column":648},"end":{"line":57,"column":727}},"line":57},"6":{"name":"(anonymous_6)","decl":{"start":{"line":57,"column":840},"end":{"line":57,"column":841}},"loc":{"start":{"line":57,"column":854},"end":{"line":57,"column":1087}},"line":57},"7":{"name":"(anonymous_7)","decl":{"start":{"line":57,"column":963},"end":{"line":57,"column":964}},"loc":{"start":{"line":57,"column":978},"end":{"line":57,"column":1021}},"line":57},"8":{"name":"(anonymous_8)","decl":{"start":{"line":57,"column":1269},"end":{"line":57,"column":1270}},"loc":{"start":{"line":57,"column":1284},"end":{"line":57,"column":1341}},"line":57}},"branchMap":{"0":{"loc":{"start":{"line":14,"column":46},"end":{"line":14,"column":92}},"type":"cond-expr","locations":[{"start":{"line":14,"column":70},"end":{"line":14,"column":73}},{"start":{"line":14,"column":76},"end":{"line":14,"column":92}}],"line":14},"1":{"loc":{"start":{"line":14,"column":46},"end":{"line":14,"column":67}},"type":"binary-expr","locations":[{"start":{"line":14,"column":46},"end":{"line":14,"column":49}},{"start":{"line":14,"column":53},"end":{"line":14,"column":67}}],"line":14},"2":{"loc":{"start":{"line":55,"column":0},"end":{"line":55,"column":70}},"type":"if","locations":[{"start":{"line":55,"column":0},"end":{"line":55,"column":70}},{"start":{"line":55,"column":0},"end":{"line":55,"column":70}}],"line":55},"3":{"loc":{"start":{"line":56,"column":24},"end":{"line":56,"column":100}},"type":"cond-expr","locations":[{"start":{"line":56,"column":62},"end":{"line":56,"column":84}},{"start":{"line":56,"column":86},"end":{"line":56,"column":100}}],"line":56},"4":{"loc":{"start":{"line":57,"column":92},"end":{"line":57,"column":108}},"type":"binary-expr","locations":[{"start":{"line":57,"column":92},"end":{"line":57,"column":104}},{"start":{"line":57,"column":106},"end":{"line":57,"column":108}}],"line":57}},"s":{"0":0,"1":0,"2":0,"3":0,"4":0,"5":0,"6":0,"7":0,"8":0,"9":0,"10":0,"11":0,"12":0,"13":0,"14":0,"15":0,"16":0,"17":0,"18":0,"19":0,"20":0,"21":0},"f":{"0":0,"1":0,"2":0,"3":0,"4":0,"5":0,"6":0,"7":0,"8":0},"b":{"0":[0,0],"1":[0,0],"2":[0,0],"3":[0,0],"4":[0,0]}}
,"/home/neubert/workspace-JS/elem-action/src/components/ActionGeo.vue": {"path":"/home/neubert/workspace-JS/elem-action/src/components/ActionGeo.vue","statementMap":{"0":{"start":{"line":1,"column":1},"end":{"line":21,"column":4}},"1":{"start":{"line":4,"column":0},"end":{"line":6,"column":3}},"2":{"start":{"line":8,"column":22},"end":{"line":8,"column":53}},"3":{"start":{"line":10,"column":23},"end":{"line":10,"column":62}},"4":{"start":{"line":12,"column":16},"end":{"line":12,"column":48}},"5":{"start":{"line":14,"column":39},"end":{"line":14,"column":93}},"6":{"start":{"line":16,"column":0},"end":{"line":20,"column":2}},"7":{"start":{"line":22,"column":0},"end":{"line":22,"column":70}},"8":{"start":{"line":22,"column":31},"end":{"line":22,"column":70}},"9":{"start":{"line":23,"column":24},"end":{"line":23,"column":100}},"10":{"start":{"line":24,"column":0},"end":{"line":24,"column":1394}},"11":{"start":{"line":24,"column":54},"end":{"line":24,"column":58}},"12":{"start":{"line":24,"column":66},"end":{"line":24,"column":84}},"13":{"start":{"line":24,"column":92},"end":{"line":24,"column":108}},"14":{"start":{"line":24,"column":109},"end":{"line":24,"column":1393}},"15":{"start":{"line":24,"column":527},"end":{"line":24,"column":568}},"16":{"start":{"line":24,"column":642},"end":{"line":24,"column":718}},"17":{"start":{"line":24,"column":972},"end":{"line":24,"column":1020}},"18":{"start":{"line":24,"column":1287},"end":{"line":24,"column":1335}},"19":{"start":{"line":25,"column":0},"end":{"line":25,"column":37}}},"fnMap":{"0":{"name":"(anonymous_0)","decl":{"start":{"line":1,"column":2},"end":{"line":1,"column":3}},"loc":{"start":{"line":1,"column":12},"end":{"line":21,"column":1}},"line":1},"1":{"name":"_interopRequireDefault","decl":{"start":{"line":14,"column":9},"end":{"line":14,"column":31}},"loc":{"start":{"line":14,"column":37},"end":{"line":14,"column":95}},"line":14},"2":{"name":"render","decl":{"start":{"line":24,"column":35},"end":{"line":24,"column":41}},"loc":{"start":{"line":24,"column":45},"end":{"line":24,"column":1394}},"line":24},"3":{"name":"(anonymous_3)","decl":{"start":{"line":24,"column":511},"end":{"line":24,"column":512}},"loc":{"start":{"line":24,"column":526},"end":{"line":24,"column":569}},"line":24},"4":{"name":"(anonymous_4)","decl":{"start":{"line":24,"column":627},"end":{"line":24,"column":628}},"loc":{"start":{"line":24,"column":641},"end":{"line":24,"column":719}},"line":24},"5":{"name":"(anonymous_5)","decl":{"start":{"line":24,"column":956},"end":{"line":24,"column":957}},"loc":{"start":{"line":24,"column":971},"end":{"line":24,"column":1021}},"line":24},"6":{"name":"(anonymous_6)","decl":{"start":{"line":24,"column":1271},"end":{"line":24,"column":1272}},"loc":{"start":{"line":24,"column":1286},"end":{"line":24,"column":1336}},"line":24}},"branchMap":{"0":{"loc":{"start":{"line":14,"column":46},"end":{"line":14,"column":92}},"type":"cond-expr","locations":[{"start":{"line":14,"column":70},"end":{"line":14,"column":73}},{"start":{"line":14,"column":76},"end":{"line":14,"column":92}}],"line":14},"1":{"loc":{"start":{"line":14,"column":46},"end":{"line":14,"column":67}},"type":"binary-expr","locations":[{"start":{"line":14,"column":46},"end":{"line":14,"column":49}},{"start":{"line":14,"column":53},"end":{"line":14,"column":67}}],"line":14},"2":{"loc":{"start":{"line":22,"column":0},"end":{"line":22,"column":70}},"type":"if","locations":[{"start":{"line":22,"column":0},"end":{"line":22,"column":70}},{"start":{"line":22,"column":0},"end":{"line":22,"column":70}}],"line":22},"3":{"loc":{"start":{"line":23,"column":24},"end":{"line":23,"column":100}},"type":"cond-expr","locations":[{"start":{"line":23,"column":62},"end":{"line":23,"column":84}},{"start":{"line":23,"column":86},"end":{"line":23,"column":100}}],"line":23},"4":{"loc":{"start":{"line":24,"column":92},"end":{"line":24,"column":108}},"type":"binary-expr","locations":[{"start":{"line":24,"column":92},"end":{"line":24,"column":104}},{"start":{"line":24,"column":106},"end":{"line":24,"column":108}}],"line":24}},"s":{"0":0,"1":0,"2":0,"3":0,"4":0,"5":0,"6":0,"7":0,"8":0,"9":0,"10":0,"11":0,"12":0,"13":0,"14":0,"15":0,"16":0,"17":0,"18":0,"19":0},"f":{"0":0,"1":0,"2":0,"3":0,"4":0,"5":0,"6":0},"b":{"0":[0,0],"1":[0,0],"2":[0,0],"3":[0,0],"4":[0,0]}}
,"/home/neubert/workspace-JS/elem-action/src/components/ActionIdentity.vue": {"path":"/home/neubert/workspace-JS/elem-action/src/components/ActionIdentity.vue","statementMap":{"0":{"start":{"line":1,"column":1},"end":{"line":145,"column":4}},"1":{"start":{"line":4,"column":0},"end":{"line":6,"column":3}},"2":{"start":{"line":8,"column":22},"end":{"line":8,"column":53}},"3":{"start":{"line":10,"column":23},"end":{"line":10,"column":62}},"4":{"start":{"line":12,"column":39},"end":{"line":12,"column":93}},"5":{"start":{"line":16,"column":0},"end":{"line":81,"column":2}},"6":{"start":{"line":20,"column":4},"end":{"line":79,"column":6}},"7":{"start":{"line":53,"column":10},"end":{"line":53,"column":45}},"8":{"start":{"line":59,"column":23},"end":{"line":59,"column":33}},"9":{"start":{"line":60,"column":12},"end":{"line":60,"column":65}},"10":{"start":{"line":61,"column":12},"end":{"line":61,"column":39}},"11":{"start":{"line":66,"column":23},"end":{"line":66,"column":33}},"12":{"start":{"line":67,"column":12},"end":{"line":67,"column":66}},"13":{"start":{"line":68,"column":12},"end":{"line":68,"column":39}},"14":{"start":{"line":73,"column":23},"end":{"line":73,"column":33}},"15":{"start":{"line":74,"column":12},"end":{"line":74,"column":66}},"16":{"start":{"line":75,"column":12},"end":{"line":75,"column":39}},"17":{"start":{"line":146,"column":0},"end":{"line":146,"column":70}},"18":{"start":{"line":146,"column":31},"end":{"line":146,"column":70}},"19":{"start":{"line":147,"column":24},"end":{"line":147,"column":100}},"20":{"start":{"line":148,"column":0},"end":{"line":148,"column":3040}},"21":{"start":{"line":148,"column":54},"end":{"line":148,"column":58}},"22":{"start":{"line":148,"column":66},"end":{"line":148,"column":84}},"23":{"start":{"line":148,"column":92},"end":{"line":148,"column":108}},"24":{"start":{"line":148,"column":109},"end":{"line":148,"column":3039}},"25":{"start":{"line":148,"column":531},"end":{"line":148,"column":568}},"26":{"start":{"line":148,"column":895},"end":{"line":148,"column":930}},"27":{"start":{"line":148,"column":1177},"end":{"line":148,"column":1214}},"28":{"start":{"line":148,"column":1584},"end":{"line":148,"column":1629}},"29":{"start":{"line":148,"column":1934},"end":{"line":148,"column":1979}},"30":{"start":{"line":148,"column":2285},"end":{"line":148,"column":2338}},"31":{"start":{"line":148,"column":2691},"end":{"line":148,"column":2735}},"32":{"start":{"line":148,"column":2947},"end":{"line":148,"column":2989}},"33":{"start":{"line":149,"column":0},"end":{"line":149,"column":37}}},"fnMap":{"0":{"name":"(anonymous_0)","decl":{"start":{"line":1,"column":2},"end":{"line":1,"column":3}},"loc":{"start":{"line":1,"column":12},"end":{"line":145,"column":1}},"line":1},"1":{"name":"_interopRequireDefault","decl":{"start":{"line":12,"column":9},"end":{"line":12,"column":31}},"loc":{"start":{"line":12,"column":37},"end":{"line":12,"column":95}},"line":12},"2":{"name":"data","decl":{"start":{"line":19,"column":17},"end":{"line":19,"column":21}},"loc":{"start":{"line":19,"column":24},"end":{"line":80,"column":3}},"line":19},"3":{"name":"disabledDate","decl":{"start":{"line":52,"column":31},"end":{"line":52,"column":43}},"loc":{"start":{"line":52,"column":50},"end":{"line":54,"column":9}},"line":52},"4":{"name":"onClick","decl":{"start":{"line":58,"column":28},"end":{"line":58,"column":35}},"loc":{"start":{"line":58,"column":44},"end":{"line":62,"column":11}},"line":58},"5":{"name":"onClick","decl":{"start":{"line":65,"column":28},"end":{"line":65,"column":35}},"loc":{"start":{"line":65,"column":44},"end":{"line":69,"column":11}},"line":65},"6":{"name":"onClick","decl":{"start":{"line":72,"column":28},"end":{"line":72,"column":35}},"loc":{"start":{"line":72,"column":44},"end":{"line":76,"column":11}},"line":72},"7":{"name":"render","decl":{"start":{"line":148,"column":35},"end":{"line":148,"column":41}},"loc":{"start":{"line":148,"column":45},"end":{"line":148,"column":3040}},"line":148},"8":{"name":"(anonymous_8)","decl":{"start":{"line":148,"column":515},"end":{"line":148,"column":516}},"loc":{"start":{"line":148,"column":530},"end":{"line":148,"column":569}},"line":148},"9":{"name":"(anonymous_9)","decl":{"start":{"line":148,"column":879},"end":{"line":148,"column":880}},"loc":{"start":{"line":148,"column":894},"end":{"line":148,"column":931}},"line":148},"10":{"name":"(anonymous_10)","decl":{"start":{"line":148,"column":1161},"end":{"line":148,"column":1162}},"loc":{"start":{"line":148,"column":1176},"end":{"line":148,"column":1215}},"line":148},"11":{"name":"(anonymous_11)","decl":{"start":{"line":148,"column":1568},"end":{"line":148,"column":1569}},"loc":{"start":{"line":148,"column":1583},"end":{"line":148,"column":1630}},"line":148},"12":{"name":"(anonymous_12)","decl":{"start":{"line":148,"column":1918},"end":{"line":148,"column":1919}},"loc":{"start":{"line":148,"column":1933},"end":{"line":148,"column":1980}},"line":148},"13":{"name":"(anonymous_13)","decl":{"start":{"line":148,"column":2269},"end":{"line":148,"column":2270}},"loc":{"start":{"line":148,"column":2284},"end":{"line":148,"column":2339}},"line":148},"14":{"name":"(anonymous_14)","decl":{"start":{"line":148,"column":2675},"end":{"line":148,"column":2676}},"loc":{"start":{"line":148,"column":2690},"end":{"line":148,"column":2736}},"line":148},"15":{"name":"(anonymous_15)","decl":{"start":{"line":148,"column":2931},"end":{"line":148,"column":2932}},"loc":{"start":{"line":148,"column":2946},"end":{"line":148,"column":2990}},"line":148}},"branchMap":{"0":{"loc":{"start":{"line":12,"column":46},"end":{"line":12,"column":92}},"type":"cond-expr","locations":[{"start":{"line":12,"column":70},"end":{"line":12,"column":73}},{"start":{"line":12,"column":76},"end":{"line":12,"column":92}}],"line":12},"1":{"loc":{"start":{"line":12,"column":46},"end":{"line":12,"column":67}},"type":"binary-expr","locations":[{"start":{"line":12,"column":46},"end":{"line":12,"column":49}},{"start":{"line":12,"column":53},"end":{"line":12,"column":67}}],"line":12},"2":{"loc":{"start":{"line":146,"column":0},"end":{"line":146,"column":70}},"type":"if","locations":[{"start":{"line":146,"column":0},"end":{"line":146,"column":70}},{"start":{"line":146,"column":0},"end":{"line":146,"column":70}}],"line":146},"3":{"loc":{"start":{"line":147,"column":24},"end":{"line":147,"column":100}},"type":"cond-expr","locations":[{"start":{"line":147,"column":62},"end":{"line":147,"column":84}},{"start":{"line":147,"column":86},"end":{"line":147,"column":100}}],"line":147},"4":{"loc":{"start":{"line":148,"column":92},"end":{"line":148,"column":108}},"type":"binary-expr","locations":[{"start":{"line":148,"column":92},"end":{"line":148,"column":104}},{"start":{"line":148,"column":106},"end":{"line":148,"column":108}}],"line":148}},"s":{"0":0,"1":0,"2":0,"3":0,"4":0,"5":0,"6":0,"7":0,"8":0,"9":0,"10":0,"11":0,"12":0,"13":0,"14":0,"15":0,"16":0,"17":0,"18":0,"19":0,"20":0,"21":0,"22":0,"23":0,"24":0,"25":0,"26":0,"27":0,"28":0,"29":0,"30":0,"31":0,"32":0,"33":0},"f":{"0":0,"1":0,"2":0,"3":0,"4":0,"5":0,"6":0,"7":0,"8":0,"9":0,"10":0,"11":0,"12":0,"13":0,"14":0,"15":0},"b":{"0":[0,0],"1":[0,0],"2":[0,0],"3":[0,0],"4":[0,0]}}
,"/home/neubert/workspace-JS/elem-action/src/components/ActionMarkers.vue": {"path":"/home/neubert/workspace-JS/elem-action/src/components/ActionMarkers.vue","statementMap":{"0":{"start":{"line":1,"column":1},"end":{"line":50,"column":4}},"1":{"start":{"line":4,"column":0},"end":{"line":6,"column":3}},"2":{"start":{"line":8,"column":19},"end":{"line":8,"column":54}},"3":{"start":{"line":10,"column":22},"end":{"line":10,"column":53}},"4":{"start":{"line":12,"column":23},"end":{"line":12,"column":62}},"5":{"start":{"line":14,"column":39},"end":{"line":14,"column":93}},"6":{"start":{"line":39,"column":0},"end":{"line":49,"column":2}},"7":{"start":{"line":51,"column":0},"end":{"line":51,"column":70}},"8":{"start":{"line":51,"column":31},"end":{"line":51,"column":70}},"9":{"start":{"line":52,"column":24},"end":{"line":52,"column":100}},"10":{"start":{"line":53,"column":0},"end":{"line":53,"column":662}},"11":{"start":{"line":53,"column":54},"end":{"line":53,"column":58}},"12":{"start":{"line":53,"column":66},"end":{"line":53,"column":84}},"13":{"start":{"line":53,"column":92},"end":{"line":53,"column":108}},"14":{"start":{"line":53,"column":109},"end":{"line":53,"column":661}},"15":{"start":{"line":53,"column":363},"end":{"line":53,"column":632}},"16":{"start":{"line":53,"column":570},"end":{"line":53,"column":597}},"17":{"start":{"line":54,"column":0},"end":{"line":54,"column":37}}},"fnMap":{"0":{"name":"(anonymous_0)","decl":{"start":{"line":1,"column":2},"end":{"line":1,"column":3}},"loc":{"start":{"line":1,"column":12},"end":{"line":50,"column":1}},"line":1},"1":{"name":"_interopRequireDefault","decl":{"start":{"line":14,"column":9},"end":{"line":14,"column":31}},"loc":{"start":{"line":14,"column":37},"end":{"line":14,"column":95}},"line":14},"2":{"name":"render","decl":{"start":{"line":53,"column":35},"end":{"line":53,"column":41}},"loc":{"start":{"line":53,"column":45},"end":{"line":53,"column":662}},"line":53},"3":{"name":"(anonymous_3)","decl":{"start":{"line":53,"column":349},"end":{"line":53,"column":350}},"loc":{"start":{"line":53,"column":362},"end":{"line":53,"column":633}},"line":53},"4":{"name":"(anonymous_4)","decl":{"start":{"line":53,"column":554},"end":{"line":53,"column":555}},"loc":{"start":{"line":53,"column":569},"end":{"line":53,"column":598}},"line":53}},"branchMap":{"0":{"loc":{"start":{"line":14,"column":46},"end":{"line":14,"column":92}},"type":"cond-expr","locations":[{"start":{"line":14,"column":70},"end":{"line":14,"column":73}},{"start":{"line":14,"column":76},"end":{"line":14,"column":92}}],"line":14},"1":{"loc":{"start":{"line":14,"column":46},"end":{"line":14,"column":67}},"type":"binary-expr","locations":[{"start":{"line":14,"column":46},"end":{"line":14,"column":49}},{"start":{"line":14,"column":53},"end":{"line":14,"column":67}}],"line":14},"2":{"loc":{"start":{"line":51,"column":0},"end":{"line":51,"column":70}},"type":"if","locations":[{"start":{"line":51,"column":0},"end":{"line":51,"column":70}},{"start":{"line":51,"column":0},"end":{"line":51,"column":70}}],"line":51},"3":{"loc":{"start":{"line":52,"column":24},"end":{"line":52,"column":100}},"type":"cond-expr","locations":[{"start":{"line":52,"column":62},"end":{"line":52,"column":84}},{"start":{"line":52,"column":86},"end":{"line":52,"column":100}}],"line":52},"4":{"loc":{"start":{"line":53,"column":92},"end":{"line":53,"column":108}},"type":"binary-expr","locations":[{"start":{"line":53,"column":92},"end":{"line":53,"column":104}},{"start":{"line":53,"column":106},"end":{"line":53,"column":108}}],"line":53}},"s":{"0":0,"1":0,"2":0,"3":0,"4":0,"5":0,"6":0,"7":0,"8":0,"9":0,"10":0,"11":0,"12":0,"13":0,"14":0,"15":0,"16":0,"17":0},"f":{"0":0,"1":0,"2":0,"3":0,"4":0},"b":{"0":[0,0],"1":[0,0],"2":[0,0],"3":[0,0],"4":[0,0]}}
,"/home/neubert/workspace-JS/elem-action/src/components/ActionSDG.vue": {"path":"/home/neubert/workspace-JS/elem-action/src/components/ActionSDG.vue","statementMap":{"0":{"start":{"line":1,"column":1},"end":{"line":52,"column":4}},"1":{"start":{"line":4,"column":0},"end":{"line":6,"column":3}},"2":{"start":{"line":8,"column":22},"end":{"line":8,"column":53}},"3":{"start":{"line":10,"column":23},"end":{"line":10,"column":62}},"4":{"start":{"line":12,"column":14},"end":{"line":12,"column":37}},"5":{"start":{"line":14,"column":39},"end":{"line":14,"column":93}},"6":{"start":{"line":43,"column":0},"end":{"line":51,"column":2}},"7":{"start":{"line":47,"column":4},"end":{"line":49,"column":6}},"8":{"start":{"line":53,"column":0},"end":{"line":53,"column":70}},"9":{"start":{"line":53,"column":31},"end":{"line":53,"column":70}},"10":{"start":{"line":54,"column":24},"end":{"line":54,"column":100}},"11":{"start":{"line":55,"column":0},"end":{"line":55,"column":708}},"12":{"start":{"line":55,"column":54},"end":{"line":55,"column":58}},"13":{"start":{"line":55,"column":66},"end":{"line":55,"column":84}},"14":{"start":{"line":55,"column":92},"end":{"line":55,"column":108}},"15":{"start":{"line":55,"column":109},"end":{"line":55,"column":707}},"16":{"start":{"line":55,"column":512},"end":{"line":55,"column":548}},"17":{"start":{"line":55,"column":613},"end":{"line":55,"column":690}},"18":{"start":{"line":56,"column":0},"end":{"line":56,"column":37}}},"fnMap":{"0":{"name":"(anonymous_0)","decl":{"start":{"line":1,"column":2},"end":{"line":1,"column":3}},"loc":{"start":{"line":1,"column":12},"end":{"line":52,"column":1}},"line":1},"1":{"name":"_interopRequireDefault","decl":{"start":{"line":14,"column":9},"end":{"line":14,"column":31}},"loc":{"start":{"line":14,"column":37},"end":{"line":14,"column":95}},"line":14},"2":{"name":"data","decl":{"start":{"line":46,"column":17},"end":{"line":46,"column":21}},"loc":{"start":{"line":46,"column":24},"end":{"line":50,"column":3}},"line":46},"3":{"name":"render","decl":{"start":{"line":55,"column":35},"end":{"line":55,"column":41}},"loc":{"start":{"line":55,"column":45},"end":{"line":55,"column":708}},"line":55},"4":{"name":"(anonymous_4)","decl":{"start":{"line":55,"column":496},"end":{"line":55,"column":497}},"loc":{"start":{"line":55,"column":511},"end":{"line":55,"column":549}},"line":55},"5":{"name":"(anonymous_5)","decl":{"start":{"line":55,"column":598},"end":{"line":55,"column":599}},"loc":{"start":{"line":55,"column":612},"end":{"line":55,"column":691}},"line":55}},"branchMap":{"0":{"loc":{"start":{"line":14,"column":46},"end":{"line":14,"column":92}},"type":"cond-expr","locations":[{"start":{"line":14,"column":70},"end":{"line":14,"column":73}},{"start":{"line":14,"column":76},"end":{"line":14,"column":92}}],"line":14},"1":{"loc":{"start":{"line":14,"column":46},"end":{"line":14,"column":67}},"type":"binary-expr","locations":[{"start":{"line":14,"column":46},"end":{"line":14,"column":49}},{"start":{"line":14,"column":53},"end":{"line":14,"column":67}}],"line":14},"2":{"loc":{"start":{"line":53,"column":0},"end":{"line":53,"column":70}},"type":"if","locations":[{"start":{"line":53,"column":0},"end":{"line":53,"column":70}},{"start":{"line":53,"column":0},"end":{"line":53,"column":70}}],"line":53},"3":{"loc":{"start":{"line":54,"column":24},"end":{"line":54,"column":100}},"type":"cond-expr","locations":[{"start":{"line":54,"column":62},"end":{"line":54,"column":84}},{"start":{"line":54,"column":86},"end":{"line":54,"column":100}}],"line":54},"4":{"loc":{"start":{"line":55,"column":92},"end":{"line":55,"column":108}},"type":"binary-expr","locations":[{"start":{"line":55,"column":92},"end":{"line":55,"column":104}},{"start":{"line":55,"column":106},"end":{"line":55,"column":108}}],"line":55}},"s":{"0":0,"1":0,"2":0,"3":0,"4":0,"5":0,"6":0,"7":0,"8":0,"9":0,"10":0,"11":0,"12":0,"13":0,"14":0,"15":0,"16":0,"17":0,"18":0},"f":{"0":0,"1":0,"2":0,"3":0,"4":0,"5":0},"b":{"0":[0,0],"1":[0,0],"2":[0,0],"3":[0,0],"4":[0,0]}}
,"/home/neubert/workspace-JS/elem-action/src/components/BaseActionComp.vue": {"path":"/home/neubert/workspace-JS/elem-action/src/components/BaseActionComp.vue","statementMap":{"0":{"start":{"line":1,"column":1},"end":{"line":29,"column":4}},"1":{"start":{"line":4,"column":0},"end":{"line":6,"column":3}},"2":{"start":{"line":20,"column":0},"end":{"line":28,"column":2}},"3":{"start":{"line":30,"column":0},"end":{"line":30,"column":70}},"4":{"start":{"line":30,"column":31},"end":{"line":30,"column":70}},"5":{"start":{"line":31,"column":24},"end":{"line":31,"column":100}},"6":{"start":{"line":32,"column":0},"end":{"line":32,"column":236}},"7":{"start":{"line":32,"column":54},"end":{"line":32,"column":58}},"8":{"start":{"line":32,"column":66},"end":{"line":32,"column":84}},"9":{"start":{"line":32,"column":92},"end":{"line":32,"column":108}},"10":{"start":{"line":32,"column":109},"end":{"line":32,"column":235}},"11":{"start":{"line":33,"column":0},"end":{"line":33,"column":37}}},"fnMap":{"0":{"name":"(anonymous_0)","decl":{"start":{"line":1,"column":2},"end":{"line":1,"column":3}},"loc":{"start":{"line":1,"column":12},"end":{"line":29,"column":1}},"line":1},"1":{"name":"render","decl":{"start":{"line":32,"column":35},"end":{"line":32,"column":41}},"loc":{"start":{"line":32,"column":45},"end":{"line":32,"column":236}},"line":32}},"branchMap":{"0":{"loc":{"start":{"line":30,"column":0},"end":{"line":30,"column":70}},"type":"if","locations":[{"start":{"line":30,"column":0},"end":{"line":30,"column":70}},{"start":{"line":30,"column":0},"end":{"line":30,"column":70}}],"line":30},"1":{"loc":{"start":{"line":31,"column":24},"end":{"line":31,"column":100}},"type":"cond-expr","locations":[{"start":{"line":31,"column":62},"end":{"line":31,"column":84}},{"start":{"line":31,"column":86},"end":{"line":31,"column":100}}],"line":31},"2":{"loc":{"start":{"line":32,"column":92},"end":{"line":32,"column":108}},"type":"binary-expr","locations":[{"start":{"line":32,"column":92},"end":{"line":32,"column":104}},{"start":{"line":32,"column":106},"end":{"line":32,"column":108}}],"line":32}},"s":{"0":0,"1":0,"2":0,"3":0,"4":0,"5":0,"6":0,"7":0,"8":0,"9":0,"10":0,"11":0},"f":{"0":0,"1":0},"b":{"0":[0,0],"1":[0,0],"2":[0,0]}}
,"/home/neubert/workspace-JS/elem-action/src/components/EditPart.vue": {"path":"/home/neubert/workspace-JS/elem-action/src/components/EditPart.vue","statementMap":{"0":{"start":{"line":1,"column":1},"end":{"line":111,"column":4}},"1":{"start":{"line":4,"column":0},"end":{"line":6,"column":3}},"2":{"start":{"line":8,"column":14},"end":{"line":8,"column":37}},"3":{"start":{"line":10,"column":0},"end":{"line":48,"column":2}},"4":{"start":{"line":23,"column":4},"end":{"line":36,"column":6}},"5":{"start":{"line":40,"column":6},"end":{"line":42,"column":32}},"6":{"start":{"line":41,"column":8},"end":{"line":41,"column":15}},"7":{"start":{"line":45,"column":6},"end":{"line":45,"column":73}},"8":{"start":{"line":112,"column":0},"end":{"line":112,"column":70}},"9":{"start":{"line":112,"column":31},"end":{"line":112,"column":70}},"10":{"start":{"line":113,"column":24},"end":{"line":113,"column":100}},"11":{"start":{"line":114,"column":0},"end":{"line":114,"column":3246}},"12":{"start":{"line":114,"column":54},"end":{"line":114,"column":58}},"13":{"start":{"line":114,"column":66},"end":{"line":114,"column":84}},"14":{"start":{"line":114,"column":92},"end":{"line":114,"column":108}},"15":{"start":{"line":114,"column":109},"end":{"line":114,"column":3245}},"16":{"start":{"line":114,"column":502},"end":{"line":114,"column":533}},"17":{"start":{"line":114,"column":745},"end":{"line":114,"column":782}},"18":{"start":{"line":114,"column":949},"end":{"line":114,"column":986}},"19":{"start":{"line":114,"column":1260},"end":{"line":114,"column":1291}},"20":{"start":{"line":114,"column":1389},"end":{"line":114,"column":1465}},"21":{"start":{"line":114,"column":1732},"end":{"line":114,"column":1766}},"22":{"start":{"line":114,"column":2059},"end":{"line":114,"column":2105}},"23":{"start":{"line":114,"column":2368},"end":{"line":114,"column":2404}},"24":{"start":{"line":114,"column":2663},"end":{"line":114,"column":2702}},"25":{"start":{"line":114,"column":2965},"end":{"line":114,"column":2999}},"26":{"start":{"line":114,"column":3199},"end":{"line":114,"column":3216}},"27":{"start":{"line":115,"column":0},"end":{"line":115,"column":37}}},"fnMap":{"0":{"name":"(anonymous_0)","decl":{"start":{"line":1,"column":2},"end":{"line":1,"column":3}},"loc":{"start":{"line":1,"column":12},"end":{"line":111,"column":1}},"line":1},"1":{"name":"data","decl":{"start":{"line":22,"column":17},"end":{"line":22,"column":21}},"loc":{"start":{"line":22,"column":24},"end":{"line":37,"column":3}},"line":22},"2":{"name":"handleClose","decl":{"start":{"line":39,"column":26},"end":{"line":39,"column":37}},"loc":{"start":{"line":39,"column":44},"end":{"line":43,"column":5}},"line":39},"3":{"name":"(anonymous_3)","decl":{"start":{"line":40,"column":30},"end":{"line":40,"column":31}},"loc":{"start":{"line":40,"column":43},"end":{"line":42,"column":7}},"line":40},"4":{"name":"(anonymous_4)","decl":{"start":{"line":42,"column":15},"end":{"line":42,"column":16}},"loc":{"start":{"line":42,"column":28},"end":{"line":42,"column":30}},"line":42},"5":{"name":"filter","decl":{"start":{"line":44,"column":21},"end":{"line":44,"column":27}},"loc":{"start":{"line":44,"column":45},"end":{"line":46,"column":5}},"line":44},"6":{"name":"render","decl":{"start":{"line":114,"column":35},"end":{"line":114,"column":41}},"loc":{"start":{"line":114,"column":45},"end":{"line":114,"column":3246}},"line":114},"7":{"name":"(anonymous_7)","decl":{"start":{"line":114,"column":486},"end":{"line":114,"column":487}},"loc":{"start":{"line":114,"column":501},"end":{"line":114,"column":534}},"line":114},"8":{"name":"(anonymous_8)","decl":{"start":{"line":114,"column":729},"end":{"line":114,"column":730}},"loc":{"start":{"line":114,"column":744},"end":{"line":114,"column":783}},"line":114},"9":{"name":"(anonymous_9)","decl":{"start":{"line":114,"column":933},"end":{"line":114,"column":934}},"loc":{"start":{"line":114,"column":948},"end":{"line":114,"column":987}},"line":114},"10":{"name":"(anonymous_10)","decl":{"start":{"line":114,"column":1244},"end":{"line":114,"column":1245}},"loc":{"start":{"line":114,"column":1259},"end":{"line":114,"column":1292}},"line":114},"11":{"name":"(anonymous_11)","decl":{"start":{"line":114,"column":1374},"end":{"line":114,"column":1375}},"loc":{"start":{"line":114,"column":1388},"end":{"line":114,"column":1466}},"line":114},"12":{"name":"(anonymous_12)","decl":{"start":{"line":114,"column":1716},"end":{"line":114,"column":1717}},"loc":{"start":{"line":114,"column":1731},"end":{"line":114,"column":1767}},"line":114},"13":{"name":"(anonymous_13)","decl":{"start":{"line":114,"column":2043},"end":{"line":114,"column":2044}},"loc":{"start":{"line":114,"column":2058},"end":{"line":114,"column":2106}},"line":114},"14":{"name":"(anonymous_14)","decl":{"start":{"line":114,"column":2352},"end":{"line":114,"column":2353}},"loc":{"start":{"line":114,"column":2367},"end":{"line":114,"column":2405}},"line":114},"15":{"name":"(anonymous_15)","decl":{"start":{"line":114,"column":2647},"end":{"line":114,"column":2648}},"loc":{"start":{"line":114,"column":2662},"end":{"line":114,"column":2703}},"line":114},"16":{"name":"(anonymous_16)","decl":{"start":{"line":114,"column":2949},"end":{"line":114,"column":2950}},"loc":{"start":{"line":114,"column":2964},"end":{"line":114,"column":3000}},"line":114},"17":{"name":"(anonymous_17)","decl":{"start":{"line":114,"column":3182},"end":{"line":114,"column":3183}},"loc":{"start":{"line":114,"column":3198},"end":{"line":114,"column":3217}},"line":114}},"branchMap":{"0":{"loc":{"start":{"line":112,"column":0},"end":{"line":112,"column":70}},"type":"if","locations":[{"start":{"line":112,"column":0},"end":{"line":112,"column":70}},{"start":{"line":112,"column":0},"end":{"line":112,"column":70}}],"line":112},"1":{"loc":{"start":{"line":113,"column":24},"end":{"line":113,"column":100}},"type":"cond-expr","locations":[{"start":{"line":113,"column":62},"end":{"line":113,"column":84}},{"start":{"line":113,"column":86},"end":{"line":113,"column":100}}],"line":113},"2":{"loc":{"start":{"line":114,"column":92},"end":{"line":114,"column":108}},"type":"binary-expr","locations":[{"start":{"line":114,"column":92},"end":{"line":114,"column":104}},{"start":{"line":114,"column":106},"end":{"line":114,"column":108}}],"line":114}},"s":{"0":0,"1":0,"2":0,"3":0,"4":0,"5":0,"6":0,"7":0,"8":0,"9":0,"10":0,"11":0,"12":0,"13":0,"14":0,"15":0,"16":0,"17":0,"18":0,"19":0,"20":0,"21":0,"22":0,"23":0,"24":0,"25":0,"26":0,"27":0},"f":{"0":0,"1":0,"2":0,"3":0,"4":0,"5":0,"6":0,"7":0,"8":0,"9":0,"10":0,"11":0,"12":0,"13":0,"14":0,"15":0,"16":0,"17":0},"b":{"0":[0,0],"1":[0,0],"2":[0,0]}}
,"/home/neubert/workspace-JS/elem-action/src/components/GenerateDocs.vue": {"path":"/home/neubert/workspace-JS/elem-action/src/components/GenerateDocs.vue","statementMap":{"0":{"start":{"line":1,"column":1},"end":{"line":38,"column":4}},"1":{"start":{"line":4,"column":0},"end":{"line":6,"column":3}},"2":{"start":{"line":8,"column":16},"end":{"line":8,"column":41}},"3":{"start":{"line":10,"column":17},"end":{"line":10,"column":50}},"4":{"start":{"line":12,"column":39},"end":{"line":12,"column":93}},"5":{"start":{"line":14,"column":0},"end":{"line":27,"column":2}},"6":{"start":{"line":24,"column":6},"end":{"line":24,"column":73}},"7":{"start":{"line":39,"column":0},"end":{"line":39,"column":70}},"8":{"start":{"line":39,"column":31},"end":{"line":39,"column":70}},"9":{"start":{"line":40,"column":24},"end":{"line":40,"column":100}},"10":{"start":{"line":41,"column":0},"end":{"line":41,"column":378}},"11":{"start":{"line":41,"column":54},"end":{"line":41,"column":58}},"12":{"start":{"line":41,"column":66},"end":{"line":41,"column":84}},"13":{"start":{"line":41,"column":92},"end":{"line":41,"column":108}},"14":{"start":{"line":41,"column":109},"end":{"line":41,"column":377}},"15":{"start":{"line":42,"column":0},"end":{"line":42,"column":37}}},"fnMap":{"0":{"name":"(anonymous_0)","decl":{"start":{"line":1,"column":2},"end":{"line":1,"column":3}},"loc":{"start":{"line":1,"column":12},"end":{"line":38,"column":1}},"line":1},"1":{"name":"_interopRequireDefault","decl":{"start":{"line":12,"column":9},"end":{"line":12,"column":31}},"loc":{"start":{"line":12,"column":37},"end":{"line":12,"column":95}},"line":12},"2":{"name":"generate","decl":{"start":{"line":23,"column":23},"end":{"line":23,"column":31}},"loc":{"start":{"line":23,"column":34},"end":{"line":25,"column":5}},"line":23},"3":{"name":"render","decl":{"start":{"line":41,"column":35},"end":{"line":41,"column":41}},"loc":{"start":{"line":41,"column":45},"end":{"line":41,"column":378}},"line":41}},"branchMap":{"0":{"loc":{"start":{"line":12,"column":46},"end":{"line":12,"column":92}},"type":"cond-expr","locations":[{"start":{"line":12,"column":70},"end":{"line":12,"column":73}},{"start":{"line":12,"column":76},"end":{"line":12,"column":92}}],"line":12},"1":{"loc":{"start":{"line":12,"column":46},"end":{"line":12,"column":67}},"type":"binary-expr","locations":[{"start":{"line":12,"column":46},"end":{"line":12,"column":49}},{"start":{"line":12,"column":53},"end":{"line":12,"column":67}}],"line":12},"2":{"loc":{"start":{"line":39,"column":0},"end":{"line":39,"column":70}},"type":"if","locations":[{"start":{"line":39,"column":0},"end":{"line":39,"column":70}},{"start":{"line":39,"column":0},"end":{"line":39,"column":70}}],"line":39},"3":{"loc":{"start":{"line":40,"column":24},"end":{"line":40,"column":100}},"type":"cond-expr","locations":[{"start":{"line":40,"column":62},"end":{"line":40,"column":84}},{"start":{"line":40,"column":86},"end":{"line":40,"column":100}}],"line":40},"4":{"loc":{"start":{"line":41,"column":92},"end":{"line":41,"column":108}},"type":"binary-expr","locations":[{"start":{"line":41,"column":92},"end":{"line":41,"column":104}},{"start":{"line":41,"column":106},"end":{"line":41,"column":108}}],"line":41}},"s":{"0":0,"1":0,"2":0,"3":0,"4":0,"5":0,"6":0,"7":0,"8":0,"9":0,"10":0,"11":0,"12":0,"13":0,"14":0,"15":0},"f":{"0":0,"1":0,"2":0,"3":0},"b":{"0":[0,0],"1":[0,0],"2":[0,0],"3":[0,0],"4":[0,0]}}
,"/home/neubert/workspace-JS/elem-action/src/components/PartTable.vue": {"path":"/home/neubert/workspace-JS/elem-action/src/components/PartTable.vue","statementMap":{"0":{"start":{"line":1,"column":1},"end":{"line":61,"column":4}},"1":{"start":{"line":4,"column":0},"end":{"line":6,"column":3}},"2":{"start":{"line":47,"column":0},"end":{"line":60,"column":2}},"3":{"start":{"line":56,"column":8},"end":{"line":56,"column":97}},"4":{"start":{"line":62,"column":0},"end":{"line":62,"column":70}},"5":{"start":{"line":62,"column":31},"end":{"line":62,"column":70}},"6":{"start":{"line":63,"column":24},"end":{"line":63,"column":100}},"7":{"start":{"line":64,"column":0},"end":{"line":64,"column":1657}},"8":{"start":{"line":64,"column":54},"end":{"line":64,"column":58}},"9":{"start":{"line":64,"column":66},"end":{"line":64,"column":84}},"10":{"start":{"line":64,"column":92},"end":{"line":64,"column":108}},"11":{"start":{"line":64,"column":109},"end":{"line":64,"column":1656}},"12":{"start":{"line":64,"column":481},"end":{"line":64,"column":497}},"13":{"start":{"line":64,"column":796},"end":{"line":64,"column":952}},"14":{"start":{"line":64,"column":1368},"end":{"line":64,"column":1642}},"15":{"start":{"line":64,"column":1465},"end":{"line":64,"column":1496}},"16":{"start":{"line":64,"column":1604},"end":{"line":64,"column":1637}},"17":{"start":{"line":65,"column":0},"end":{"line":65,"column":37}}},"fnMap":{"0":{"name":"(anonymous_0)","decl":{"start":{"line":1,"column":2},"end":{"line":1,"column":3}},"loc":{"start":{"line":1,"column":12},"end":{"line":61,"column":1}},"line":1},"1":{"name":"formatAmount","decl":{"start":{"line":55,"column":29},"end":{"line":55,"column":41}},"loc":{"start":{"line":55,"column":66},"end":{"line":57,"column":7}},"line":55},"2":{"name":"render","decl":{"start":{"line":64,"column":35},"end":{"line":64,"column":41}},"loc":{"start":{"line":64,"column":45},"end":{"line":64,"column":1657}},"line":64},"3":{"name":"(anonymous_3)","decl":{"start":{"line":64,"column":464},"end":{"line":64,"column":465}},"loc":{"start":{"line":64,"column":480},"end":{"line":64,"column":498}},"line":64},"4":{"name":"(anonymous_4)","decl":{"start":{"line":64,"column":780},"end":{"line":64,"column":781}},"loc":{"start":{"line":64,"column":795},"end":{"line":64,"column":953}},"line":64},"5":{"name":"(anonymous_5)","decl":{"start":{"line":64,"column":1352},"end":{"line":64,"column":1353}},"loc":{"start":{"line":64,"column":1367},"end":{"line":64,"column":1643}},"line":64},"6":{"name":"(anonymous_6)","decl":{"start":{"line":64,"column":1448},"end":{"line":64,"column":1449}},"loc":{"start":{"line":64,"column":1464},"end":{"line":64,"column":1497}},"line":64},"7":{"name":"(anonymous_7)","decl":{"start":{"line":64,"column":1587},"end":{"line":64,"column":1588}},"loc":{"start":{"line":64,"column":1603},"end":{"line":64,"column":1638}},"line":64}},"branchMap":{"0":{"loc":{"start":{"line":62,"column":0},"end":{"line":62,"column":70}},"type":"if","locations":[{"start":{"line":62,"column":0},"end":{"line":62,"column":70}},{"start":{"line":62,"column":0},"end":{"line":62,"column":70}}],"line":62},"1":{"loc":{"start":{"line":63,"column":24},"end":{"line":63,"column":100}},"type":"cond-expr","locations":[{"start":{"line":63,"column":62},"end":{"line":63,"column":84}},{"start":{"line":63,"column":86},"end":{"line":63,"column":100}}],"line":63},"2":{"loc":{"start":{"line":64,"column":92},"end":{"line":64,"column":108}},"type":"binary-expr","locations":[{"start":{"line":64,"column":92},"end":{"line":64,"column":104}},{"start":{"line":64,"column":106},"end":{"line":64,"column":108}}],"line":64}},"s":{"0":0,"1":0,"2":0,"3":0,"4":0,"5":0,"6":0,"7":0,"8":0,"9":0,"10":0,"11":0,"12":0,"13":0,"14":0,"15":0,"16":0,"17":0},"f":{"0":0,"1":0,"2":0,"3":0,"4":0,"5":0,"6":0,"7":0},"b":{"0":[0,0],"1":[0,0],"2":[0,0]}}
,"/home/neubert/workspace-JS/elem-action/src/mixins/geoMixin.js": {"path":"/home/neubert/workspace-JS/elem-action/src/mixins/geoMixin.js","statementMap":{"0":{"start":{"line":1,"column":13},"end":{"line":1,"column":75}},"1":{"start":{"line":1,"column":75},"end":{"line":1,"column":104}},"2":{"start":{"line":1,"column":121},"end":{"line":1,"column":147}},"3":{"start":{"line":1,"column":166},"end":{"line":1,"column":200}},"4":{"start":{"line":2,"column":14},"end":{"line":2,"column":37}},"5":{"start":{"line":2,"column":76},"end":{"line":2,"column":130}},"6":{"start":{"line":5,"column":15},"end":{"line":16,"column":5}},"7":{"start":{"line":7,"column":4},"end":{"line":13,"column":33}}},"fnMap":{"0":{"name":"_interopRequireDefault","decl":{"start":{"line":2,"column":47},"end":{"line":2,"column":69}},"loc":{"start":{"line":2,"column":75},"end":{"line":2,"column":131}},"line":2},"1":{"name":"data","decl":{"start":{"line":6,"column":17},"end":{"line":6,"column":21}},"loc":{"start":{"line":6,"column":24},"end":{"line":16,"column":3}},"line":6}},"branchMap":{"0":{"loc":{"start":{"line":2,"column":83},"end":{"line":2,"column":129}},"type":"cond-expr","locations":[{"start":{"line":2,"column":107},"end":{"line":2,"column":110}},{"start":{"line":2,"column":113},"end":{"line":2,"column":129}}],"line":2},"1":{"loc":{"start":{"line":2,"column":83},"end":{"line":2,"column":104}},"type":"binary-expr","locations":[{"start":{"line":2,"column":83},"end":{"line":2,"column":86}},{"start":{"line":2,"column":90},"end":{"line":2,"column":104}}],"line":2}},"s":{"0":0,"1":0,"2":0,"3":0,"4":0,"5":0,"6":0,"7":0},"f":{"0":0,"1":0},"b":{"0":[0,0],"1":[0,0]}}
,"/home/neubert/workspace-JS/elem-action/src/mixins/markerMixin.js": {"path":"/home/neubert/workspace-JS/elem-action/src/mixins/markerMixin.js","statementMap":{"0":{"start":{"line":1,"column":13},"end":{"line":1,"column":75}},"1":{"start":{"line":1,"column":75},"end":{"line":1,"column":107}},"2":{"start":{"line":1,"column":122},"end":{"line":1,"column":146}},"3":{"start":{"line":5,"column":18},"end":{"line":20,"column":9}},"4":{"start":{"line":7,"column":4},"end":{"line":7,"column":14}},"5":{"start":{"line":14,"column":6},"end":{"line":18,"column":7}},"6":{"start":{"line":15,"column":8},"end":{"line":17,"column":9}},"7":{"start":{"line":16,"column":10},"end":{"line":16,"column":19}},"8":{"start":{"line":19,"column":6},"end":{"line":19,"column":16}}},"fnMap":{"0":{"name":"data","decl":{"start":{"line":6,"column":17},"end":{"line":6,"column":21}},"loc":{"start":{"line":6,"column":24},"end":{"line":10,"column":3}},"line":6},"1":{"name":"getText","decl":{"start":{"line":12,"column":22},"end":{"line":12,"column":29}},"loc":{"start":{"line":12,"column":35},"end":{"line":20,"column":5}},"line":12}},"branchMap":{"0":{"loc":{"start":{"line":15,"column":8},"end":{"line":17,"column":9}},"type":"if","locations":[{"start":{"line":15,"column":8},"end":{"line":17,"column":9}},{"start":{"line":15,"column":8},"end":{"line":17,"column":9}}],"line":15}},"s":{"0":0,"1":0,"2":0,"3":0,"4":0,"5":0,"6":0,"7":0,"8":0},"f":{"0":0,"1":0},"b":{"0":[0,0]}}
,"/home/neubert/workspace-JS/elem-action/src/utils/manipulateElements.js": {"path":"/home/neubert/workspace-JS/elem-action/src/utils/manipulateElements.js","statementMap":{"0":{"start":{"line":1,"column":27},"end":{"line":1,"column":50}},"1":{"start":{"line":8,"column":9},"end":{"line":10,"column":1}},"2":{"start":{"line":9,"column":2},"end":{"line":9,"column":91}},"3":{"start":{"line":9,"column":33},"end":{"line":9,"column":88}},"4":{"start":{"line":12,"column":0},"end":{"line":12,"column":99}},"5":{"start":{"line":12,"column":41},"end":{"line":12,"column":96}}},"fnMap":{"0":{"name":"fn","decl":{"start":{"line":8,"column":18},"end":{"line":8,"column":20}},"loc":{"start":{"line":8,"column":45},"end":{"line":10,"column":1}},"line":8},"1":{"name":"(anonymous_1)","decl":{"start":{"line":9,"column":19},"end":{"line":9,"column":20}},"loc":{"start":{"line":9,"column":32},"end":{"line":9,"column":89}},"line":9},"2":{"name":"(anonymous_2)","decl":{"start":{"line":12,"column":27},"end":{"line":12,"column":28}},"loc":{"start":{"line":12,"column":40},"end":{"line":12,"column":97}},"line":12}},"branchMap":{},"s":{"0":0,"1":0,"2":0,"3":0,"4":0,"5":0},"f":{"0":0,"1":0,"2":0},"b":{}}
}
