TN:
SF:/home/neubert/workspace-JS/elem-action/src/App.vue
FN:1,(anonymous_0)
FN:46,_interopRequireDefault
FN:60,data
FN:86,generalData
FN:98,totalEUContribution
FN:99,(anonymous_5)
FN:101,(anonymous_6)
FN:105,totalEstimatedCost
FN:106,(anonymous_8)
FN:108,(anonymous_9)
FN:114,addPart
FN:120,editPart
FN:124,removePart
FN:127,getSelectedPart
FN:137,hidePart
FN:140,showPart
FN:143,generateFullSnapshot
FN:147,(anonymous_17)
FN:152,(anonymous_18)
FN:158,(anonymous_19)
FN:171,render
FNF:21
FNH:0
FNDA:0,(anonymous_0)
FNDA:0,_interopRequireDefault
FNDA:0,data
FNDA:0,generalData
FNDA:0,totalEUContribution
FNDA:0,(anonymous_5)
FNDA:0,(anonymous_6)
FNDA:0,totalEstimatedCost
FNDA:0,(anonymous_8)
FNDA:0,(anonymous_9)
FNDA:0,addPart
FNDA:0,editPart
FNDA:0,removePart
FNDA:0,getSelectedPart
FNDA:0,hidePart
FNDA:0,showPart
FNDA:0,generateFullSnapshot
FNDA:0,(anonymous_17)
FNDA:0,(anonymous_18)
FNDA:0,(anonymous_19)
FNDA:0,render
DA:1,0
DA:4,0
DA:8,0
DA:10,0
DA:12,0
DA:14,0
DA:16,0
DA:18,0
DA:20,0
DA:22,0
DA:24,0
DA:26,0
DA:28,0
DA:30,0
DA:32,0
DA:34,0
DA:36,0
DA:38,0
DA:40,0
DA:42,0
DA:44,0
DA:46,0
DA:48,0
DA:61,0
DA:87,0
DA:99,0
DA:100,0
DA:102,0
DA:106,0
DA:107,0
DA:109,0
DA:115,0
DA:116,0
DA:117,0
DA:118,0
DA:121,0
DA:122,0
DA:125,0
DA:128,0
DA:138,0
DA:141,0
DA:144,0
DA:146,0
DA:147,0
DA:148,0
DA:149,0
DA:150,0
DA:152,0
DA:153,0
DA:154,0
DA:155,0
DA:156,0
DA:158,0
DA:159,0
DA:160,0
DA:161,0
DA:162,0
DA:164,0
DA:169,0
DA:170,0
DA:171,0
DA:172,0
LF:62
LH:0
BRDA:46,0,0,0
BRDA:46,0,1,0
BRDA:46,1,0,0
BRDA:46,1,1,0
BRDA:128,2,0,0
BRDA:128,2,1,0
BRDA:169,3,0,0
BRDA:169,3,1,0
BRDA:170,4,0,0
BRDA:170,4,1,0
BRDA:171,5,0,0
BRDA:171,5,1,0
BRDA:171,6,0,0
BRDA:171,6,1,0
BRF:14
BRH:0
end_of_record
TN:
SF:/home/neubert/workspace-JS/elem-action/src/countries.js
FN:1,_interopRequireDefault
FN:252,(anonymous_1)
FN:263,(anonymous_2)
FNF:3
FNH:0
FNDA:0,_interopRequireDefault
FNDA:0,(anonymous_1)
FNDA:0,(anonymous_2)
DA:1,0
DA:249,0
DA:252,0
DA:253,0
DA:255,0
DA:256,0
DA:257,0
DA:260,0
DA:261,0
DA:263,0
DA:265,0
DA:267,0
DA:268,0
DA:272,0
DA:273,0
DA:277,0
DA:278,0
DA:279,0
DA:283,0
LF:19
LH:0
BRDA:1,0,0,0
BRDA:1,0,1,0
BRDA:1,1,0,0
BRDA:1,1,1,0
BRDA:253,2,0,0
BRDA:253,2,1,0
BRDA:253,3,0,0
BRDA:253,3,1,0
BRDA:260,4,0,0
BRDA:260,4,1,0
BRDA:265,5,0,0
BRDA:265,5,1,0
BRF:12
BRH:0
end_of_record
TN:
SF:/home/neubert/workspace-JS/elem-action/src/dac_Channels.js
FN:367,(anonymous_0)
FN:381,(anonymous_1)
FN:384,(anonymous_2)
FNF:3
FNH:3
FNDA:714,(anonymous_0)
FNDA:716,(anonymous_1)
FNDA:714,(anonymous_2)
DA:361,2
DA:364,2
DA:368,714
DA:371,714
DA:372,714
DA:373,714
DA:374,714
DA:375,714
DA:381,2
DA:382,716
DA:383,716
DA:384,716
DA:388,2
LF:13
LH:13
BRDA:372,0,0,714
BRDA:372,0,1,0
BRDA:383,1,0,716
BRDA:383,1,1,0
BRF:4
BRH:2
end_of_record
TN:
SF:/home/neubert/workspace-JS/elem-action/src/example-data.js
FNF:0
FNH:0
DA:1,0
DA:13,0
LF:2
LH:0
BRF:0
BRH:0
end_of_record
TN:
SF:/home/neubert/workspace-JS/elem-action/src/generate.js
FN:1,_interopRequireDefault
FN:8,angularParser
FN:10,(anonymous_2)
FN:10,(anonymous_3)
FN:16,loadFile
FN:20,generateDocx
FN:21,(anonymous_6)
FNF:7
FNH:0
FNDA:0,_interopRequireDefault
FNDA:0,angularParser
FNDA:0,(anonymous_2)
FNDA:0,(anonymous_3)
FNDA:0,loadFile
FNDA:0,generateDocx
FNDA:0,(anonymous_6)
DA:1,0
DA:2,0
DA:3,0
DA:4,0
DA:6,0
DA:8,0
DA:9,0
DA:10,0
DA:11,0
DA:17,0
DA:20,0
DA:21,0
DA:22,0
DA:23,0
DA:24,0
DA:25,0
DA:26,0
DA:27,0
DA:29,0
DA:31,0
DA:34,0
DA:40,0
DA:42,0
DA:45,0
DA:49,0
DA:51,0
LF:26
LH:0
BRDA:1,0,0,0
BRDA:1,0,1,0
BRDA:1,1,0,0
BRDA:1,1,1,0
BRDA:10,2,0,0
BRDA:10,2,1,0
BRDA:22,3,0,0
BRDA:22,3,1,0
BRF:8
BRH:0
end_of_record
TN:
SF:/home/neubert/workspace-JS/elem-action/src/markers.js
FNF:0
FNH:0
DA:11,2
LF:1
LH:1
BRF:0
BRH:0
end_of_record
TN:
SF:/home/neubert/workspace-JS/elem-action/src/params.js
FN:3,(anonymous_0)
FN:4,(anonymous_1)
FN:6,(anonymous_2)
FN:7,(anonymous_3)
FN:17,(anonymous_4)
FN:18,(anonymous_5)
FN:44,(anonymous_6)
FN:45,(anonymous_7)
FN:83,(anonymous_8)
FN:86,(anonymous_9)
FN:89,(anonymous_10)
FN:112,(anonymous_12)
FN:115,(anonymous_13)
FNF:13
FNH:8
FNDA:8,(anonymous_0)
FNDA:10,(anonymous_1)
FNDA:2,(anonymous_2)
FNDA:2,(anonymous_3)
FNDA:1,(anonymous_4)
FNDA:1,(anonymous_5)
FNDA:0,(anonymous_6)
FNDA:0,(anonymous_7)
FNDA:0,(anonymous_8)
FNDA:0,(anonymous_9)
FNDA:0,(anonymous_10)
FNDA:5,(anonymous_12)
FNDA:55,(anonymous_13)
DA:3,10
DA:4,12
DA:6,2
DA:7,2
DA:15,2
DA:17,2
DA:18,1
DA:30,2
DA:33,2
DA:42,2
DA:44,2
DA:45,0
DA:48,2
DA:66,2
DA:83,2
DA:85,0
DA:86,0
DA:89,0
DA:105,2
DA:108,0
DA:109,0
DA:112,2
DA:116,55
DA:119,5
DA:162,2
LF:25
LH:19
BRDA:85,0,0,0
BRDA:85,0,1,0
BRDA:116,1,0,55
BRDA:116,1,1,28
BRF:4
BRH:2
end_of_record
TN:
SF:/home/neubert/workspace-JS/elem-action/src/components/ActionFinancing.vue
FN:1,(anonymous_0)
FN:14,_interopRequireDefault
FN:47,data
FN:57,render
FN:57,(anonymous_4)
FN:57,(anonymous_5)
FN:57,(anonymous_6)
FN:57,(anonymous_7)
FN:57,(anonymous_8)
FNF:9
FNH:0
FNDA:0,(anonymous_0)
FNDA:0,_interopRequireDefault
FNDA:0,data
FNDA:0,render
FNDA:0,(anonymous_4)
FNDA:0,(anonymous_5)
FNDA:0,(anonymous_6)
FNDA:0,(anonymous_7)
FNDA:0,(anonymous_8)
DA:1,0
DA:4,0
DA:8,0
DA:10,0
DA:12,0
DA:14,0
DA:44,0
DA:48,0
DA:55,0
DA:56,0
DA:57,0
DA:58,0
LF:12
LH:0
BRDA:14,0,0,0
BRDA:14,0,1,0
BRDA:14,1,0,0
BRDA:14,1,1,0
BRDA:55,2,0,0
BRDA:55,2,1,0
BRDA:56,3,0,0
BRDA:56,3,1,0
BRDA:57,4,0,0
BRDA:57,4,1,0
BRF:10
BRH:0
end_of_record
TN:
SF:/home/neubert/workspace-JS/elem-action/src/components/ActionGeo.vue
FN:1,(anonymous_0)
FN:14,_interopRequireDefault
FN:24,render
FN:24,(anonymous_3)
FN:24,(anonymous_4)
FN:24,(anonymous_5)
FN:24,(anonymous_6)
FNF:7
FNH:0
FNDA:0,(anonymous_0)
FNDA:0,_interopRequireDefault
FNDA:0,render
FNDA:0,(anonymous_3)
FNDA:0,(anonymous_4)
FNDA:0,(anonymous_5)
FNDA:0,(anonymous_6)
DA:1,0
DA:4,0
DA:8,0
DA:10,0
DA:12,0
DA:14,0
DA:16,0
DA:22,0
DA:23,0
DA:24,0
DA:25,0
LF:11
LH:0
BRDA:14,0,0,0
BRDA:14,0,1,0
BRDA:14,1,0,0
BRDA:14,1,1,0
BRDA:22,2,0,0
BRDA:22,2,1,0
BRDA:23,3,0,0
BRDA:23,3,1,0
BRDA:24,4,0,0
BRDA:24,4,1,0
BRF:10
BRH:0
end_of_record
TN:
SF:/home/neubert/workspace-JS/elem-action/src/components/ActionIdentity.vue
FN:1,(anonymous_0)
FN:12,_interopRequireDefault
FN:19,data
FN:52,disabledDate
FN:58,onClick
FN:65,onClick
FN:72,onClick
FN:148,render
FN:148,(anonymous_8)
FN:148,(anonymous_9)
FN:148,(anonymous_10)
FN:148,(anonymous_11)
FN:148,(anonymous_12)
FN:148,(anonymous_13)
FN:148,(anonymous_14)
FN:148,(anonymous_15)
FNF:16
FNH:0
FNDA:0,(anonymous_0)
FNDA:0,_interopRequireDefault
FNDA:0,data
FNDA:0,disabledDate
FNDA:0,onClick
FNDA:0,onClick
FNDA:0,onClick
FNDA:0,render
FNDA:0,(anonymous_8)
FNDA:0,(anonymous_9)
FNDA:0,(anonymous_10)
FNDA:0,(anonymous_11)
FNDA:0,(anonymous_12)
FNDA:0,(anonymous_13)
FNDA:0,(anonymous_14)
FNDA:0,(anonymous_15)
DA:1,0
DA:4,0
DA:8,0
DA:10,0
DA:12,0
DA:16,0
DA:20,0
DA:53,0
DA:59,0
DA:60,0
DA:61,0
DA:66,0
DA:67,0
DA:68,0
DA:73,0
DA:74,0
DA:75,0
DA:146,0
DA:147,0
DA:148,0
DA:149,0
LF:21
LH:0
BRDA:12,0,0,0
BRDA:12,0,1,0
BRDA:12,1,0,0
BRDA:12,1,1,0
BRDA:146,2,0,0
BRDA:146,2,1,0
BRDA:147,3,0,0
BRDA:147,3,1,0
BRDA:148,4,0,0
BRDA:148,4,1,0
BRF:10
BRH:0
end_of_record
TN:
SF:/home/neubert/workspace-JS/elem-action/src/components/ActionMarkers.vue
FN:1,(anonymous_0)
FN:14,_interopRequireDefault
FN:53,render
FN:53,(anonymous_3)
FN:53,(anonymous_4)
FNF:5
FNH:0
FNDA:0,(anonymous_0)
FNDA:0,_interopRequireDefault
FNDA:0,render
FNDA:0,(anonymous_3)
FNDA:0,(anonymous_4)
DA:1,0
DA:4,0
DA:8,0
DA:10,0
DA:12,0
DA:14,0
DA:39,0
DA:51,0
DA:52,0
DA:53,0
DA:54,0
LF:11
LH:0
BRDA:14,0,0,0
BRDA:14,0,1,0
BRDA:14,1,0,0
BRDA:14,1,1,0
BRDA:51,2,0,0
BRDA:51,2,1,0
BRDA:52,3,0,0
BRDA:52,3,1,0
BRDA:53,4,0,0
BRDA:53,4,1,0
BRF:10
BRH:0
end_of_record
TN:
SF:/home/neubert/workspace-JS/elem-action/src/components/ActionSDG.vue
FN:1,(anonymous_0)
FN:14,_interopRequireDefault
FN:46,data
FN:55,render
FN:55,(anonymous_4)
FN:55,(anonymous_5)
FNF:6
FNH:0
FNDA:0,(anonymous_0)
FNDA:0,_interopRequireDefault
FNDA:0,data
FNDA:0,render
FNDA:0,(anonymous_4)
FNDA:0,(anonymous_5)
DA:1,0
DA:4,0
DA:8,0
DA:10,0
DA:12,0
DA:14,0
DA:43,0
DA:47,0
DA:53,0
DA:54,0
DA:55,0
DA:56,0
LF:12
LH:0
BRDA:14,0,0,0
BRDA:14,0,1,0
BRDA:14,1,0,0
BRDA:14,1,1,0
BRDA:53,2,0,0
BRDA:53,2,1,0
BRDA:54,3,0,0
BRDA:54,3,1,0
BRDA:55,4,0,0
BRDA:55,4,1,0
BRF:10
BRH:0
end_of_record
TN:
SF:/home/neubert/workspace-JS/elem-action/src/components/BaseActionComp.vue
FN:1,(anonymous_0)
FN:32,render
FNF:2
FNH:0
FNDA:0,(anonymous_0)
FNDA:0,render
DA:1,0
DA:4,0
DA:20,0
DA:30,0
DA:31,0
DA:32,0
DA:33,0
LF:7
LH:0
BRDA:30,0,0,0
BRDA:30,0,1,0
BRDA:31,1,0,0
BRDA:31,1,1,0
BRDA:32,2,0,0
BRDA:32,2,1,0
BRF:6
BRH:0
end_of_record
TN:
SF:/home/neubert/workspace-JS/elem-action/src/components/EditPart.vue
FN:1,(anonymous_0)
FN:22,data
FN:39,handleClose
FN:40,(anonymous_3)
FN:42,(anonymous_4)
FN:44,filter
FN:114,render
FN:114,(anonymous_7)
FN:114,(anonymous_8)
FN:114,(anonymous_9)
FN:114,(anonymous_10)
FN:114,(anonymous_11)
FN:114,(anonymous_12)
FN:114,(anonymous_13)
FN:114,(anonymous_14)
FN:114,(anonymous_15)
FN:114,(anonymous_16)
FN:114,(anonymous_17)
FNF:18
FNH:0
FNDA:0,(anonymous_0)
FNDA:0,data
FNDA:0,handleClose
FNDA:0,(anonymous_3)
FNDA:0,(anonymous_4)
FNDA:0,filter
FNDA:0,render
FNDA:0,(anonymous_7)
FNDA:0,(anonymous_8)
FNDA:0,(anonymous_9)
FNDA:0,(anonymous_10)
FNDA:0,(anonymous_11)
FNDA:0,(anonymous_12)
FNDA:0,(anonymous_13)
FNDA:0,(anonymous_14)
FNDA:0,(anonymous_15)
FNDA:0,(anonymous_16)
FNDA:0,(anonymous_17)
DA:1,0
DA:4,0
DA:8,0
DA:10,0
DA:23,0
DA:40,0
DA:41,0
DA:45,0
DA:112,0
DA:113,0
DA:114,0
DA:115,0
LF:12
LH:0
BRDA:112,0,0,0
BRDA:112,0,1,0
BRDA:113,1,0,0
BRDA:113,1,1,0
BRDA:114,2,0,0
BRDA:114,2,1,0
BRF:6
BRH:0
end_of_record
TN:
SF:/home/neubert/workspace-JS/elem-action/src/components/GenerateDocs.vue
FN:1,(anonymous_0)
FN:12,_interopRequireDefault
FN:23,generate
FN:41,render
FNF:4
FNH:0
FNDA:0,(anonymous_0)
FNDA:0,_interopRequireDefault
FNDA:0,generate
FNDA:0,render
DA:1,0
DA:4,0
DA:8,0
DA:10,0
DA:12,0
DA:14,0
DA:24,0
DA:39,0
DA:40,0
DA:41,0
DA:42,0
LF:11
LH:0
BRDA:12,0,0,0
BRDA:12,0,1,0
BRDA:12,1,0,0
BRDA:12,1,1,0
BRDA:39,2,0,0
BRDA:39,2,1,0
BRDA:40,3,0,0
BRDA:40,3,1,0
BRDA:41,4,0,0
BRDA:41,4,1,0
BRF:10
BRH:0
end_of_record
TN:
SF:/home/neubert/workspace-JS/elem-action/src/components/PartTable.vue
FN:1,(anonymous_0)
FN:55,formatAmount
FN:64,render
FN:64,(anonymous_3)
FN:64,(anonymous_4)
FN:64,(anonymous_5)
FN:64,(anonymous_6)
FN:64,(anonymous_7)
FNF:8
FNH:0
FNDA:0,(anonymous_0)
FNDA:0,formatAmount
FNDA:0,render
FNDA:0,(anonymous_3)
FNDA:0,(anonymous_4)
FNDA:0,(anonymous_5)
FNDA:0,(anonymous_6)
FNDA:0,(anonymous_7)
DA:1,0
DA:4,0
DA:47,0
DA:56,0
DA:62,0
DA:63,0
DA:64,0
DA:65,0
LF:8
LH:0
BRDA:62,0,0,0
BRDA:62,0,1,0
BRDA:63,1,0,0
BRDA:63,1,1,0
BRDA:64,2,0,0
BRDA:64,2,1,0
BRF:6
BRH:0
end_of_record
TN:
SF:/home/neubert/workspace-JS/elem-action/src/mixins/geoMixin.js
FN:2,_interopRequireDefault
FN:6,data
FNF:2
FNH:0
FNDA:0,_interopRequireDefault
FNDA:0,data
DA:1,0
DA:2,0
DA:5,0
DA:7,0
LF:4
LH:0
BRDA:2,0,0,0
BRDA:2,0,1,0
BRDA:2,1,0,0
BRDA:2,1,1,0
BRF:4
BRH:0
end_of_record
TN:
SF:/home/neubert/workspace-JS/elem-action/src/mixins/markerMixin.js
FN:6,data
FN:12,getText
FNF:2
FNH:0
FNDA:0,data
FNDA:0,getText
DA:1,0
DA:5,0
DA:7,0
DA:14,0
DA:15,0
DA:16,0
DA:19,0
LF:7
LH:0
BRDA:15,0,0,0
BRDA:15,0,1,0
BRF:2
BRH:0
end_of_record
TN:
SF:/home/neubert/workspace-JS/elem-action/src/utils/manipulateElements.js
FN:8,fn
FN:9,(anonymous_1)
FN:12,(anonymous_2)
FNF:3
FNH:0
FNDA:0,fn
FNDA:0,(anonymous_1)
FNDA:0,(anonymous_2)
DA:1,0
DA:8,0
DA:9,0
DA:12,0
LF:4
LH:0
BRF:0
BRH:0
end_of_record
